{"/Users/jmoncayopursuit.org/Desktop/MVP/mvp-backend/app.js": {"path":"/Users/jmoncayopursuit.org/Desktop/MVP/mvp-backend/app.js","statementMap":{"0":{"start":{"line":4,"column":13},"end":{"line":4,"column":28}},"1":{"start":{"line":5,"column":16},"end":{"line":5,"column":34}},"2":{"start":{"line":8,"column":12},"end":{"line":8,"column":21}},"3":{"start":{"line":11,"column":0},"end":{"line":11,"column":16}},"4":{"start":{"line":12,"column":0},"end":{"line":12,"column":24}},"5":{"start":{"line":15,"column":0},"end":{"line":17,"column":3}},"6":{"start":{"line":16,"column":2},"end":{"line":16,"column":28}},"7":{"start":{"line":20,"column":24},"end":{"line":20,"column":67}},"8":{"start":{"line":21,"column":0},"end":{"line":21,"column":35}},"9":{"start":{"line":41,"column":0},"end":{"line":43,"column":3}},"10":{"start":{"line":42,"column":2},"end":{"line":42,"column":41}},"11":{"start":{"line":47,"column":0},"end":{"line":47,"column":21}}},"fnMap":{"0":{"name":"(anonymous_0)","decl":{"start":{"line":15,"column":13},"end":{"line":15,"column":14}},"loc":{"start":{"line":15,"column":27},"end":{"line":17,"column":1}},"line":15},"1":{"name":"(anonymous_1)","decl":{"start":{"line":41,"column":13},"end":{"line":41,"column":14}},"loc":{"start":{"line":41,"column":27},"end":{"line":43,"column":1}},"line":41}},"branchMap":{},"s":{"0":1,"1":1,"2":1,"3":1,"4":1,"5":1,"6":0,"7":1,"8":1,"9":1,"10":0,"11":1},"f":{"0":0,"1":0},"b":{},"_coverageSchema":"1a1c01bbd47fc00a2c39e90264f33305004495a9","hash":"d04a347825ab14a33d7f9f6a0a73950ea22df1f8"}
,"/Users/jmoncayopursuit.org/Desktop/MVP/mvp-backend/auth/auth.js": {"path":"/Users/jmoncayopursuit.org/Desktop/MVP/mvp-backend/auth/auth.js","statementMap":{"0":{"start":{"line":1,"column":12},"end":{"line":1,"column":35}},"1":{"start":{"line":2,"column":0},"end":{"line":2,"column":26}},"2":{"start":{"line":3,"column":15},"end":{"line":3,"column":33}},"3":{"start":{"line":5,"column":26},"end":{"line":15,"column":1}},"4":{"start":{"line":6,"column":18},"end":{"line":6,"column":45}},"5":{"start":{"line":7,"column":4},"end":{"line":9,"column":5}},"6":{"start":{"line":8,"column":8},"end":{"line":8,"column":84}},"7":{"start":{"line":10,"column":4},"end":{"line":14,"column":6}},"8":{"start":{"line":11,"column":8},"end":{"line":11,"column":73}},"9":{"start":{"line":11,"column":16},"end":{"line":11,"column":73}},"10":{"start":{"line":12,"column":8},"end":{"line":12,"column":24}},"11":{"start":{"line":13,"column":8},"end":{"line":13,"column":15}},"12":{"start":{"line":17,"column":0},"end":{"line":17,"column":38}}},"fnMap":{"0":{"name":"(anonymous_0)","decl":{"start":{"line":5,"column":26},"end":{"line":5,"column":27}},"loc":{"start":{"line":5,"column":46},"end":{"line":15,"column":1}},"line":5},"1":{"name":"(anonymous_1)","decl":{"start":{"line":10,"column":30},"end":{"line":10,"column":31}},"loc":{"start":{"line":10,"column":45},"end":{"line":14,"column":5}},"line":10}},"branchMap":{"0":{"loc":{"start":{"line":7,"column":4},"end":{"line":9,"column":5}},"type":"if","locations":[{"start":{"line":7,"column":4},"end":{"line":9,"column":5}},{"start":{},"end":{}}],"line":7},"1":{"loc":{"start":{"line":11,"column":8},"end":{"line":11,"column":73}},"type":"if","locations":[{"start":{"line":11,"column":8},"end":{"line":11,"column":73}},{"start":{},"end":{}}],"line":11}},"s":{"0":2,"1":2,"2":2,"3":2,"4":3,"5":3,"6":1,"7":2,"8":2,"9":1,"10":1,"11":1,"12":2},"f":{"0":3,"1":2},"b":{"0":[1,2],"1":[1,1]},"_coverageSchema":"1a1c01bbd47fc00a2c39e90264f33305004495a9","hash":"78c098d38f60f88385df7221bbd756cdea7d5c09"}
,"/Users/jmoncayopursuit.org/Desktop/MVP/mvp-backend/controllers/assignmentsController.js": {"path":"/Users/jmoncayopursuit.org/Desktop/MVP/mvp-backend/controllers/assignmentsController.js","statementMap":{"0":{"start":{"line":4,"column":16},"end":{"line":4,"column":34}},"1":{"start":{"line":5,"column":20},"end":{"line":5,"column":57}},"2":{"start":{"line":9,"column":29},"end":{"line":9,"column":62}},"3":{"start":{"line":18,"column":4},"end":{"line":18,"column":37}},"4":{"start":{"line":25,"column":6},"end":{"line":25,"column":53}},"5":{"start":{"line":28,"column":0},"end":{"line":37,"column":3}},"6":{"start":{"line":29,"column":30},"end":{"line":29,"column":40}},"7":{"start":{"line":30,"column":4},"end":{"line":35,"column":5}},"8":{"start":{"line":31,"column":28},"end":{"line":31,"column":66}},"9":{"start":{"line":32,"column":8},"end":{"line":32,"column":42}},"10":{"start":{"line":34,"column":8},"end":{"line":34,"column":56}},"11":{"start":{"line":40,"column":0},"end":{"line":52,"column":2}},"12":{"start":{"line":41,"column":41},"end":{"line":41,"column":51}},"13":{"start":{"line":42,"column":4},"end":{"line":51,"column":5}},"14":{"start":{"line":43,"column":28},"end":{"line":43,"column":99}},"15":{"start":{"line":44,"column":8},"end":{"line":48,"column":9}},"16":{"start":{"line":45,"column":12},"end":{"line":45,"column":46}},"17":{"start":{"line":47,"column":12},"end":{"line":47,"column":66}},"18":{"start":{"line":50,"column":8},"end":{"line":50,"column":55}},"19":{"start":{"line":55,"column":0},"end":{"line":72,"column":3}},"20":{"start":{"line":57,"column":34},"end":{"line":57,"column":44}},"21":{"start":{"line":59,"column":4},"end":{"line":70,"column":5}},"22":{"start":{"line":60,"column":27},"end":{"line":60,"column":53}},"23":{"start":{"line":61,"column":27},"end":{"line":61,"column":64}},"24":{"start":{"line":63,"column":8},"end":{"line":67,"column":9}},"25":{"start":{"line":64,"column":12},"end":{"line":64,"column":64}},"26":{"start":{"line":66,"column":12},"end":{"line":66,"column":67}},"27":{"start":{"line":69,"column":8},"end":{"line":69,"column":56}},"28":{"start":{"line":75,"column":0},"end":{"line":83,"column":3}},"29":{"start":{"line":77,"column":3},"end":{"line":82,"column":5}},"30":{"start":{"line":78,"column":27},"end":{"line":78,"column":59}},"31":{"start":{"line":79,"column":8},"end":{"line":79,"column":41}},"32":{"start":{"line":81,"column":8},"end":{"line":81,"column":47}},"33":{"start":{"line":86,"column":0},"end":{"line":101,"column":3}},"34":{"start":{"line":87,"column":19},"end":{"line":87,"column":29}},"35":{"start":{"line":89,"column":4},"end":{"line":99,"column":5}},"36":{"start":{"line":90,"column":34},"end":{"line":90,"column":60}},"37":{"start":{"line":92,"column":8},"end":{"line":96,"column":9}},"38":{"start":{"line":93,"column":12},"end":{"line":93,"column":52}},"39":{"start":{"line":95,"column":12},"end":{"line":95,"column":57}},"40":{"start":{"line":98,"column":8},"end":{"line":98,"column":55}},"41":{"start":{"line":104,"column":0},"end":{"line":117,"column":2}},"42":{"start":{"line":105,"column":19},"end":{"line":105,"column":29}},"43":{"start":{"line":106,"column":4},"end":{"line":115,"column":5}},"44":{"start":{"line":107,"column":34},"end":{"line":107,"column":70}},"45":{"start":{"line":108,"column":8},"end":{"line":112,"column":9}},"46":{"start":{"line":109,"column":12},"end":{"line":109,"column":52}},"47":{"start":{"line":111,"column":12},"end":{"line":111,"column":68}},"48":{"start":{"line":114,"column":8},"end":{"line":114,"column":56}},"49":{"start":{"line":119,"column":0},"end":{"line":119,"column":29}}},"fnMap":{"0":{"name":"(anonymous_0)","decl":{"start":{"line":28,"column":21},"end":{"line":28,"column":22}},"loc":{"start":{"line":28,"column":41},"end":{"line":37,"column":1}},"line":28},"1":{"name":"(anonymous_1)","decl":{"start":{"line":40,"column":38},"end":{"line":40,"column":39}},"loc":{"start":{"line":40,"column":57},"end":{"line":52,"column":1}},"line":40},"2":{"name":"(anonymous_2)","decl":{"start":{"line":55,"column":24},"end":{"line":55,"column":25}},"loc":{"start":{"line":55,"column":44},"end":{"line":72,"column":1}},"line":55},"3":{"name":"(anonymous_3)","decl":{"start":{"line":75,"column":67},"end":{"line":75,"column":68}},"loc":{"start":{"line":75,"column":87},"end":{"line":83,"column":1}},"line":75},"4":{"name":"(anonymous_4)","decl":{"start":{"line":86,"column":27},"end":{"line":86,"column":28}},"loc":{"start":{"line":86,"column":47},"end":{"line":101,"column":1}},"line":86},"5":{"name":"(anonymous_5)","decl":{"start":{"line":104,"column":69},"end":{"line":104,"column":70}},"loc":{"start":{"line":104,"column":89},"end":{"line":116,"column":3}},"line":104}},"branchMap":{"0":{"loc":{"start":{"line":44,"column":8},"end":{"line":48,"column":9}},"type":"if","locations":[{"start":{"line":44,"column":8},"end":{"line":48,"column":9}},{"start":{"line":46,"column":15},"end":{"line":48,"column":9}}],"line":44},"1":{"loc":{"start":{"line":63,"column":8},"end":{"line":67,"column":9}},"type":"if","locations":[{"start":{"line":63,"column":8},"end":{"line":67,"column":9}},{"start":{"line":65,"column":15},"end":{"line":67,"column":9}}],"line":63},"2":{"loc":{"start":{"line":92,"column":8},"end":{"line":96,"column":9}},"type":"if","locations":[{"start":{"line":92,"column":8},"end":{"line":96,"column":9}},{"start":{"line":94,"column":15},"end":{"line":96,"column":9}}],"line":92},"3":{"loc":{"start":{"line":108,"column":8},"end":{"line":112,"column":9}},"type":"if","locations":[{"start":{"line":108,"column":8},"end":{"line":112,"column":9}},{"start":{"line":110,"column":15},"end":{"line":112,"column":9}}],"line":108}},"s":{"0":4,"1":4,"2":4,"3":4,"4":4,"5":4,"6":2,"7":2,"8":2,"9":1,"10":1,"11":4,"12":1,"13":1,"14":1,"15":1,"16":1,"17":0,"18":0,"19":4,"20":2,"21":2,"22":2,"23":2,"24":2,"25":1,"26":1,"27":0,"28":4,"29":1,"30":1,"31":1,"32":0,"33":4,"34":1,"35":1,"36":1,"37":1,"38":1,"39":0,"40":0,"41":4,"42":2,"43":2,"44":2,"45":2,"46":1,"47":1,"48":0,"49":4},"f":{"0":2,"1":1,"2":2,"3":1,"4":1,"5":2},"b":{"0":[1,0],"1":[1,1],"2":[1,0],"3":[1,1]},"_coverageSchema":"1a1c01bbd47fc00a2c39e90264f33305004495a9","hash":"a6c8a7a1b17a200f2c33eeb282fe940cc10a353b"}
,"/Users/jmoncayopursuit.org/Desktop/MVP/mvp-backend/controllers/connectionsController.js": {"path":"/Users/jmoncayopursuit.org/Desktop/MVP/mvp-backend/controllers/connectionsController.js","statementMap":{"0":{"start":{"line":4,"column":16},"end":{"line":4,"column":34}},"1":{"start":{"line":5,"column":20},"end":{"line":5,"column":57}},"2":{"start":{"line":12,"column":4},"end":{"line":12,"column":40}},"3":{"start":{"line":16,"column":22},"end":{"line":24,"column":1}},"4":{"start":{"line":27,"column":25},"end":{"line":27,"column":57}},"5":{"start":{"line":34,"column":4},"end":{"line":34,"column":54}},"6":{"start":{"line":39,"column":4},"end":{"line":39,"column":30}},"7":{"start":{"line":42,"column":30},"end":{"line":42,"column":67}},"8":{"start":{"line":43,"column":0},"end":{"line":43,"column":70}},"9":{"start":{"line":46,"column":26},"end":{"line":46,"column":59}},"10":{"start":{"line":47,"column":0},"end":{"line":47,"column":62}},"11":{"start":{"line":50,"column":27},"end":{"line":50,"column":61}},"12":{"start":{"line":51,"column":0},"end":{"line":54,"column":2}},"13":{"start":{"line":57,"column":0},"end":{"line":70,"column":3}},"14":{"start":{"line":58,"column":22},"end":{"line":58,"column":32}},"15":{"start":{"line":59,"column":22},"end":{"line":59,"column":51}},"16":{"start":{"line":60,"column":2},"end":{"line":68,"column":3}},"17":{"start":{"line":61,"column":4},"end":{"line":65,"column":5}},"18":{"start":{"line":62,"column":7},"end":{"line":62,"column":41}},"19":{"start":{"line":64,"column":6},"end":{"line":64,"column":30}},"20":{"start":{"line":67,"column":6},"end":{"line":67,"column":54}},"21":{"start":{"line":73,"column":0},"end":{"line":81,"column":3}},"22":{"start":{"line":74,"column":26},"end":{"line":74,"column":36}},"23":{"start":{"line":75,"column":21},"end":{"line":75,"column":56}},"24":{"start":{"line":76,"column":2},"end":{"line":80,"column":3}},"25":{"start":{"line":77,"column":4},"end":{"line":77,"column":37}},"26":{"start":{"line":79,"column":4},"end":{"line":79,"column":52}},"27":{"start":{"line":84,"column":0},"end":{"line":106,"column":3}},"28":{"start":{"line":87,"column":2},"end":{"line":105,"column":3}},"29":{"start":{"line":88,"column":26},"end":{"line":88,"column":58}},"30":{"start":{"line":89,"column":23},"end":{"line":89,"column":25}},"31":{"start":{"line":90,"column":4},"end":{"line":100,"column":7}},"32":{"start":{"line":91,"column":31},"end":{"line":91,"column":44}},"33":{"start":{"line":92,"column":24},"end":{"line":92,"column":58}},"34":{"start":{"line":93,"column":24},"end":{"line":93,"column":58}},"35":{"start":{"line":94,"column":26},"end":{"line":94,"column":60}},"36":{"start":{"line":96,"column":30},"end":{"line":96,"column":127}},"37":{"start":{"line":97,"column":30},"end":{"line":97,"column":127}},"38":{"start":{"line":98,"column":32},"end":{"line":98,"column":131}},"39":{"start":{"line":99,"column":6},"end":{"line":99,"column":74}},"40":{"start":{"line":102,"column":4},"end":{"line":102,"column":40}},"41":{"start":{"line":104,"column":4},"end":{"line":104,"column":43}},"42":{"start":{"line":111,"column":0},"end":{"line":119,"column":2}},"43":{"start":{"line":112,"column":17},"end":{"line":112,"column":27}},"44":{"start":{"line":113,"column":2},"end":{"line":118,"column":3}},"45":{"start":{"line":114,"column":30},"end":{"line":114,"column":66}},"46":{"start":{"line":115,"column":4},"end":{"line":115,"column":44}},"47":{"start":{"line":117,"column":4},"end":{"line":117,"column":43}},"48":{"start":{"line":122,"column":0},"end":{"line":135,"column":3}},"49":{"start":{"line":123,"column":17},"end":{"line":123,"column":27}},"50":{"start":{"line":124,"column":28},"end":{"line":124,"column":54}},"51":{"start":{"line":125,"column":2},"end":{"line":134,"column":3}},"52":{"start":{"line":126,"column":4},"end":{"line":131,"column":9}},"53":{"start":{"line":133,"column":4},"end":{"line":133,"column":49}},"54":{"start":{"line":137,"column":0},"end":{"line":137,"column":29}}},"fnMap":{"0":{"name":"(anonymous_0)","decl":{"start":{"line":57,"column":40},"end":{"line":57,"column":41}},"loc":{"start":{"line":57,"column":60},"end":{"line":70,"column":1}},"line":57},"1":{"name":"(anonymous_1)","decl":{"start":{"line":73,"column":43},"end":{"line":73,"column":44}},"loc":{"start":{"line":73,"column":63},"end":{"line":81,"column":1}},"line":73},"2":{"name":"(anonymous_2)","decl":{"start":{"line":84,"column":85},"end":{"line":84,"column":86}},"loc":{"start":{"line":84,"column":105},"end":{"line":106,"column":1}},"line":84},"3":{"name":"(anonymous_3)","decl":{"start":{"line":111,"column":87},"end":{"line":111,"column":88}},"loc":{"start":{"line":111,"column":107},"end":{"line":119,"column":1}},"line":111},"4":{"name":"(anonymous_4)","decl":{"start":{"line":122,"column":46},"end":{"line":122,"column":47}},"loc":{"start":{"line":122,"column":66},"end":{"line":135,"column":1}},"line":122}},"branchMap":{"0":{"loc":{"start":{"line":61,"column":4},"end":{"line":65,"column":5}},"type":"if","locations":[{"start":{"line":61,"column":4},"end":{"line":65,"column":5}},{"start":{"line":63,"column":11},"end":{"line":65,"column":5}}],"line":61},"1":{"loc":{"start":{"line":76,"column":2},"end":{"line":80,"column":3}},"type":"if","locations":[{"start":{"line":76,"column":2},"end":{"line":80,"column":3}},{"start":{"line":78,"column":9},"end":{"line":80,"column":3}}],"line":76},"2":{"loc":{"start":{"line":90,"column":4},"end":{"line":100,"column":7}},"type":"if","locations":[{"start":{"line":90,"column":4},"end":{"line":100,"column":7}},{"start":{},"end":{}}],"line":90},"3":{"loc":{"start":{"line":125,"column":2},"end":{"line":134,"column":3}},"type":"if","locations":[{"start":{"line":125,"column":2},"end":{"line":134,"column":3}},{"start":{"line":132,"column":9},"end":{"line":134,"column":3}}],"line":125}},"s":{"0":2,"1":2,"2":2,"3":2,"4":2,"5":2,"6":2,"7":2,"8":2,"9":2,"10":2,"11":2,"12":2,"13":2,"14":2,"15":2,"16":2,"17":2,"18":1,"19":1,"20":0,"21":2,"22":2,"23":2,"24":2,"25":1,"26":1,"27":2,"28":1,"29":1,"30":1,"31":1,"32":1,"33":1,"34":1,"35":1,"36":1,"37":1,"38":1,"39":1,"40":1,"41":0,"42":2,"43":1,"44":1,"45":1,"46":1,"47":0,"48":2,"49":2,"50":2,"51":2,"52":1,"53":1,"54":2},"f":{"0":2,"1":2,"2":1,"3":1,"4":2},"b":{"0":[1,1],"1":[1,1],"2":[1,0],"3":[1,1]},"_coverageSchema":"1a1c01bbd47fc00a2c39e90264f33305004495a9","hash":"0573ad114c67c58a1d0ac4b687782f3832cc856e"}
,"/Users/jmoncayopursuit.org/Desktop/MVP/mvp-backend/controllers/messagesController.js": {"path":"/Users/jmoncayopursuit.org/Desktop/MVP/mvp-backend/controllers/messagesController.js","statementMap":{"0":{"start":{"line":4,"column":16},"end":{"line":4,"column":34}},"1":{"start":{"line":5,"column":17},"end":{"line":5,"column":54}},"2":{"start":{"line":12,"column":4},"end":{"line":12,"column":37}},"3":{"start":{"line":20,"column":4},"end":{"line":20,"column":52}},"4":{"start":{"line":23,"column":0},"end":{"line":40,"column":3}},"5":{"start":{"line":25,"column":28},"end":{"line":25,"column":38}},"6":{"start":{"line":27,"column":2},"end":{"line":39,"column":3}},"7":{"start":{"line":28,"column":25},"end":{"line":28,"column":60}},"8":{"start":{"line":29,"column":4},"end":{"line":35,"column":5}},"9":{"start":{"line":30,"column":6},"end":{"line":30,"column":41}},"10":{"start":{"line":32,"column":6},"end":{"line":34,"column":46}},"11":{"start":{"line":38,"column":4},"end":{"line":38,"column":50}},"12":{"start":{"line":43,"column":0},"end":{"line":53,"column":3}},"13":{"start":{"line":44,"column":17},"end":{"line":44,"column":27}},"14":{"start":{"line":45,"column":18},"end":{"line":45,"column":41}},"15":{"start":{"line":46,"column":2},"end":{"line":52,"column":3}},"16":{"start":{"line":47,"column":4},"end":{"line":47,"column":34}},"17":{"start":{"line":49,"column":4},"end":{"line":51,"column":44}},"18":{"start":{"line":56,"column":0},"end":{"line":69,"column":3}},"19":{"start":{"line":58,"column":13},"end":{"line":58,"column":30}},"20":{"start":{"line":60,"column":2},"end":{"line":68,"column":3}},"21":{"start":{"line":61,"column":23},"end":{"line":61,"column":52}},"22":{"start":{"line":63,"column":4},"end":{"line":63,"column":69}},"23":{"start":{"line":65,"column":4},"end":{"line":65,"column":37}},"24":{"start":{"line":67,"column":4},"end":{"line":67,"column":51}},"25":{"start":{"line":72,"column":0},"end":{"line":85,"column":3}},"26":{"start":{"line":73,"column":17},"end":{"line":73,"column":27}},"27":{"start":{"line":74,"column":25},"end":{"line":74,"column":48}},"28":{"start":{"line":75,"column":2},"end":{"line":84,"column":3}},"29":{"start":{"line":76,"column":4},"end":{"line":81,"column":9}},"30":{"start":{"line":83,"column":4},"end":{"line":83,"column":57}},"31":{"start":{"line":88,"column":0},"end":{"line":98,"column":3}},"32":{"start":{"line":89,"column":17},"end":{"line":89,"column":27}},"33":{"start":{"line":90,"column":13},"end":{"line":90,"column":30}},"34":{"start":{"line":91,"column":2},"end":{"line":97,"column":3}},"35":{"start":{"line":92,"column":27},"end":{"line":92,"column":60}},"36":{"start":{"line":93,"column":4},"end":{"line":93,"column":73}},"37":{"start":{"line":94,"column":4},"end":{"line":94,"column":41}},"38":{"start":{"line":96,"column":4},"end":{"line":96,"column":51}},"39":{"start":{"line":100,"column":0},"end":{"line":100,"column":26}}},"fnMap":{"0":{"name":"(anonymous_0)","decl":{"start":{"line":23,"column":18},"end":{"line":23,"column":19}},"loc":{"start":{"line":23,"column":38},"end":{"line":40,"column":1}},"line":23},"1":{"name":"(anonymous_1)","decl":{"start":{"line":43,"column":21},"end":{"line":43,"column":22}},"loc":{"start":{"line":43,"column":41},"end":{"line":53,"column":1}},"line":43},"2":{"name":"(anonymous_2)","decl":{"start":{"line":56,"column":83},"end":{"line":56,"column":84}},"loc":{"start":{"line":56,"column":103},"end":{"line":69,"column":1}},"line":56},"3":{"name":"(anonymous_3)","decl":{"start":{"line":72,"column":24},"end":{"line":72,"column":25}},"loc":{"start":{"line":72,"column":44},"end":{"line":85,"column":1}},"line":72},"4":{"name":"(anonymous_4)","decl":{"start":{"line":88,"column":32},"end":{"line":88,"column":33}},"loc":{"start":{"line":88,"column":52},"end":{"line":98,"column":1}},"line":88}},"branchMap":{"0":{"loc":{"start":{"line":29,"column":4},"end":{"line":35,"column":5}},"type":"if","locations":[{"start":{"line":29,"column":4},"end":{"line":35,"column":5}},{"start":{"line":31,"column":11},"end":{"line":35,"column":5}}],"line":29},"1":{"loc":{"start":{"line":46,"column":2},"end":{"line":52,"column":3}},"type":"if","locations":[{"start":{"line":46,"column":2},"end":{"line":52,"column":3}},{"start":{"line":48,"column":9},"end":{"line":52,"column":3}}],"line":46},"2":{"loc":{"start":{"line":75,"column":2},"end":{"line":84,"column":3}},"type":"if","locations":[{"start":{"line":75,"column":2},"end":{"line":84,"column":3}},{"start":{"line":82,"column":9},"end":{"line":84,"column":3}}],"line":75}},"s":{"0":2,"1":2,"2":2,"3":2,"4":2,"5":0,"6":0,"7":0,"8":0,"9":0,"10":0,"11":0,"12":2,"13":0,"14":0,"15":0,"16":0,"17":0,"18":2,"19":0,"20":0,"21":0,"22":0,"23":0,"24":0,"25":2,"26":0,"27":0,"28":0,"29":0,"30":0,"31":2,"32":0,"33":0,"34":0,"35":0,"36":0,"37":0,"38":0,"39":2},"f":{"0":0,"1":0,"2":0,"3":0,"4":0},"b":{"0":[0,0],"1":[0,0],"2":[0,0]},"_coverageSchema":"1a1c01bbd47fc00a2c39e90264f33305004495a9","hash":"4581d83ca8df86b418c3a20453ba40e5057f191e"}
,"/Users/jmoncayopursuit.org/Desktop/MVP/mvp-backend/controllers/metricsController.js": {"path":"/Users/jmoncayopursuit.org/Desktop/MVP/mvp-backend/controllers/metricsController.js","statementMap":{"0":{"start":{"line":4,"column":16},"end":{"line":4,"column":34}},"1":{"start":{"line":5,"column":16},"end":{"line":5,"column":53}},"2":{"start":{"line":13,"column":4},"end":{"line":13,"column":33}},"3":{"start":{"line":19,"column":4},"end":{"line":19,"column":47}},"4":{"start":{"line":22,"column":0},"end":{"line":30,"column":3}},"5":{"start":{"line":23,"column":28},"end":{"line":23,"column":38}},"6":{"start":{"line":24,"column":21},"end":{"line":24,"column":55}},"7":{"start":{"line":25,"column":2},"end":{"line":29,"column":3}},"8":{"start":{"line":26,"column":4},"end":{"line":26,"column":37}},"9":{"start":{"line":28,"column":4},"end":{"line":28,"column":52}},"10":{"start":{"line":33,"column":0},"end":{"line":41,"column":2}},"11":{"start":{"line":34,"column":38},"end":{"line":34,"column":48}},"12":{"start":{"line":35,"column":21},"end":{"line":35,"column":84}},"13":{"start":{"line":36,"column":2},"end":{"line":40,"column":3}},"14":{"start":{"line":37,"column":4},"end":{"line":37,"column":37}},"15":{"start":{"line":39,"column":4},"end":{"line":39,"column":50}},"16":{"start":{"line":44,"column":0},"end":{"line":52,"column":3}},"17":{"start":{"line":45,"column":17},"end":{"line":45,"column":27}},"18":{"start":{"line":46,"column":17},"end":{"line":46,"column":36}},"19":{"start":{"line":47,"column":2},"end":{"line":51,"column":3}},"20":{"start":{"line":48,"column":4},"end":{"line":48,"column":21}},"21":{"start":{"line":50,"column":4},"end":{"line":50,"column":49}},"22":{"start":{"line":55,"column":0},"end":{"line":58,"column":3}},"23":{"start":{"line":56,"column":20},"end":{"line":56,"column":48}},"24":{"start":{"line":57,"column":2},"end":{"line":57,"column":22}},"25":{"start":{"line":61,"column":0},"end":{"line":69,"column":3}},"26":{"start":{"line":62,"column":17},"end":{"line":62,"column":27}},"27":{"start":{"line":63,"column":24},"end":{"line":63,"column":46}},"28":{"start":{"line":64,"column":2},"end":{"line":68,"column":3}},"29":{"start":{"line":65,"column":4},"end":{"line":65,"column":28}},"30":{"start":{"line":67,"column":4},"end":{"line":67,"column":49}},"31":{"start":{"line":72,"column":0},"end":{"line":80,"column":3}},"32":{"start":{"line":73,"column":17},"end":{"line":73,"column":27}},"33":{"start":{"line":74,"column":25},"end":{"line":74,"column":57}},"34":{"start":{"line":75,"column":2},"end":{"line":79,"column":3}},"35":{"start":{"line":76,"column":4},"end":{"line":76,"column":41}},"36":{"start":{"line":78,"column":4},"end":{"line":78,"column":54}},"37":{"start":{"line":82,"column":0},"end":{"line":82,"column":25}}},"fnMap":{"0":{"name":"(anonymous_0)","decl":{"start":{"line":22,"column":20},"end":{"line":22,"column":21}},"loc":{"start":{"line":22,"column":40},"end":{"line":30,"column":1}},"line":22},"1":{"name":"(anonymous_1)","decl":{"start":{"line":33,"column":26},"end":{"line":33,"column":27}},"loc":{"start":{"line":33,"column":46},"end":{"line":41,"column":1}},"line":33},"2":{"name":"(anonymous_2)","decl":{"start":{"line":44,"column":20},"end":{"line":44,"column":21}},"loc":{"start":{"line":44,"column":40},"end":{"line":52,"column":1}},"line":44},"3":{"name":"(anonymous_3)","decl":{"start":{"line":55,"column":48},"end":{"line":55,"column":49}},"loc":{"start":{"line":55,"column":68},"end":{"line":58,"column":1}},"line":55},"4":{"name":"(anonymous_4)","decl":{"start":{"line":61,"column":23},"end":{"line":61,"column":24}},"loc":{"start":{"line":61,"column":43},"end":{"line":69,"column":1}},"line":61},"5":{"name":"(anonymous_5)","decl":{"start":{"line":72,"column":50},"end":{"line":72,"column":51}},"loc":{"start":{"line":72,"column":70},"end":{"line":80,"column":1}},"line":72}},"branchMap":{"0":{"loc":{"start":{"line":25,"column":2},"end":{"line":29,"column":3}},"type":"if","locations":[{"start":{"line":25,"column":2},"end":{"line":29,"column":3}},{"start":{"line":27,"column":9},"end":{"line":29,"column":3}}],"line":25},"1":{"loc":{"start":{"line":36,"column":2},"end":{"line":40,"column":3}},"type":"if","locations":[{"start":{"line":36,"column":2},"end":{"line":40,"column":3}},{"start":{"line":38,"column":9},"end":{"line":40,"column":3}}],"line":36},"2":{"loc":{"start":{"line":47,"column":2},"end":{"line":51,"column":3}},"type":"if","locations":[{"start":{"line":47,"column":2},"end":{"line":51,"column":3}},{"start":{"line":49,"column":9},"end":{"line":51,"column":3}}],"line":47},"3":{"loc":{"start":{"line":64,"column":2},"end":{"line":68,"column":3}},"type":"if","locations":[{"start":{"line":64,"column":2},"end":{"line":68,"column":3}},{"start":{"line":66,"column":9},"end":{"line":68,"column":3}}],"line":64},"4":{"loc":{"start":{"line":75,"column":2},"end":{"line":79,"column":3}},"type":"if","locations":[{"start":{"line":75,"column":2},"end":{"line":79,"column":3}},{"start":{"line":77,"column":9},"end":{"line":79,"column":3}}],"line":75}},"s":{"0":2,"1":2,"2":2,"3":2,"4":2,"5":0,"6":0,"7":0,"8":0,"9":0,"10":2,"11":0,"12":0,"13":0,"14":0,"15":0,"16":2,"17":0,"18":0,"19":0,"20":0,"21":0,"22":2,"23":0,"24":0,"25":2,"26":0,"27":0,"28":0,"29":0,"30":0,"31":2,"32":0,"33":0,"34":0,"35":0,"36":0,"37":2},"f":{"0":0,"1":0,"2":0,"3":0,"4":0,"5":0},"b":{"0":[0,0],"1":[0,0],"2":[0,0],"3":[0,0],"4":[0,0]},"_coverageSchema":"1a1c01bbd47fc00a2c39e90264f33305004495a9","hash":"b3d80b0f6d37fd84451b3ba87e3841e0015224b2"}
,"/Users/jmoncayopursuit.org/Desktop/MVP/mvp-backend/controllers/usersController.js": {"path":"/Users/jmoncayopursuit.org/Desktop/MVP/mvp-backend/controllers/usersController.js","statementMap":{"0":{"start":{"line":4,"column":16},"end":{"line":4,"column":34}},"1":{"start":{"line":5,"column":14},"end":{"line":5,"column":30}},"2":{"start":{"line":6,"column":0},"end":{"line":6,"column":26}},"3":{"start":{"line":7,"column":12},"end":{"line":7,"column":35}},"4":{"start":{"line":8,"column":15},"end":{"line":8,"column":33}},"5":{"start":{"line":22,"column":4},"end":{"line":22,"column":34}},"6":{"start":{"line":28,"column":4},"end":{"line":28,"column":48}},"7":{"start":{"line":33,"column":4},"end":{"line":33,"column":30}},"8":{"start":{"line":38,"column":4},"end":{"line":38,"column":42}},"9":{"start":{"line":41,"column":30},"end":{"line":41,"column":67}},"10":{"start":{"line":42,"column":0},"end":{"line":42,"column":58}},"11":{"start":{"line":45,"column":0},"end":{"line":52,"column":3}},"12":{"start":{"line":46,"column":19},"end":{"line":46,"column":38}},"13":{"start":{"line":47,"column":2},"end":{"line":51,"column":3}},"14":{"start":{"line":48,"column":4},"end":{"line":48,"column":35}},"15":{"start":{"line":50,"column":4},"end":{"line":50,"column":52}},"16":{"start":{"line":55,"column":0},"end":{"line":63,"column":2}},"17":{"start":{"line":56,"column":17},"end":{"line":56,"column":27}},"18":{"start":{"line":57,"column":28},"end":{"line":57,"column":66}},"19":{"start":{"line":58,"column":2},"end":{"line":62,"column":3}},"20":{"start":{"line":59,"column":4},"end":{"line":59,"column":44}},"21":{"start":{"line":61,"column":4},"end":{"line":61,"column":50}},"22":{"start":{"line":66,"column":0},"end":{"line":78,"column":2}},"23":{"start":{"line":67,"column":17},"end":{"line":67,"column":27}},"24":{"start":{"line":68,"column":2},"end":{"line":77,"column":3}},"25":{"start":{"line":69,"column":24},"end":{"line":69,"column":62}},"26":{"start":{"line":70,"column":4},"end":{"line":74,"column":5}},"27":{"start":{"line":71,"column":6},"end":{"line":71,"column":39}},"28":{"start":{"line":73,"column":6},"end":{"line":73,"column":30}},"29":{"start":{"line":76,"column":6},"end":{"line":76,"column":52}},"30":{"start":{"line":81,"column":0},"end":{"line":89,"column":2}},"31":{"start":{"line":82,"column":17},"end":{"line":82,"column":27}},"32":{"start":{"line":83,"column":18},"end":{"line":83,"column":63}},"33":{"start":{"line":84,"column":2},"end":{"line":88,"column":3}},"34":{"start":{"line":85,"column":4},"end":{"line":85,"column":33}},"35":{"start":{"line":87,"column":4},"end":{"line":87,"column":49}},"36":{"start":{"line":92,"column":0},"end":{"line":100,"column":3}},"37":{"start":{"line":93,"column":17},"end":{"line":93,"column":27}},"38":{"start":{"line":94,"column":15},"end":{"line":94,"column":32}},"39":{"start":{"line":95,"column":2},"end":{"line":99,"column":3}},"40":{"start":{"line":96,"column":4},"end":{"line":96,"column":31}},"41":{"start":{"line":98,"column":4},"end":{"line":98,"column":54}},"42":{"start":{"line":103,"column":0},"end":{"line":116,"column":2}},"43":{"start":{"line":104,"column":22},"end":{"line":104,"column":32}},"44":{"start":{"line":105,"column":2},"end":{"line":114,"column":3}},"45":{"start":{"line":106,"column":21},"end":{"line":106,"column":51}},"46":{"start":{"line":107,"column":4},"end":{"line":111,"column":5}},"47":{"start":{"line":108,"column":6},"end":{"line":108,"column":36}},"48":{"start":{"line":110,"column":6},"end":{"line":110,"column":30}},"49":{"start":{"line":113,"column":6},"end":{"line":113,"column":56}},"50":{"start":{"line":119,"column":0},"end":{"line":136,"column":3}},"51":{"start":{"line":120,"column":2},"end":{"line":135,"column":3}},"52":{"start":{"line":121,"column":20},"end":{"line":121,"column":46}},"53":{"start":{"line":122,"column":18},"end":{"line":122,"column":75}},"54":{"start":{"line":124,"column":4},"end":{"line":131,"column":5}},"55":{"start":{"line":126,"column":56},"end":{"line":126,"column":63}},"56":{"start":{"line":128,"column":6},"end":{"line":128,"column":65}},"57":{"start":{"line":130,"column":6},"end":{"line":130,"column":81}},"58":{"start":{"line":133,"column":4},"end":{"line":133,"column":34}},"59":{"start":{"line":134,"column":4},"end":{"line":134,"column":56}},"60":{"start":{"line":139,"column":0},"end":{"line":159,"column":2}},"61":{"start":{"line":140,"column":2},"end":{"line":158,"column":3}},"62":{"start":{"line":141,"column":17},"end":{"line":141,"column":42}},"63":{"start":{"line":142,"column":4},"end":{"line":145,"column":5}},"64":{"start":{"line":143,"column":6},"end":{"line":143,"column":66}},"65":{"start":{"line":144,"column":6},"end":{"line":144,"column":12}},"66":{"start":{"line":147,"column":18},"end":{"line":147,"column":70}},"67":{"start":{"line":149,"column":4},"end":{"line":155,"column":6}},"68":{"start":{"line":157,"column":4},"end":{"line":157,"column":60}},"69":{"start":{"line":162,"column":0},"end":{"line":177,"column":3}},"70":{"start":{"line":163,"column":17},"end":{"line":163,"column":27}},"71":{"start":{"line":165,"column":2},"end":{"line":167,"column":2}},"72":{"start":{"line":166,"column":4},"end":{"line":166,"column":66}},"73":{"start":{"line":169,"column":22},"end":{"line":169,"column":42}},"74":{"start":{"line":170,"column":2},"end":{"line":176,"column":3}},"75":{"start":{"line":171,"column":4},"end":{"line":173,"column":70}},"76":{"start":{"line":175,"column":4},"end":{"line":175,"column":43}},"77":{"start":{"line":180,"column":0},"end":{"line":200,"column":3}},"78":{"start":{"line":181,"column":17},"end":{"line":181,"column":27}},"79":{"start":{"line":182,"column":2},"end":{"line":183,"column":66}},"80":{"start":{"line":183,"column":4},"end":{"line":183,"column":66}},"81":{"start":{"line":185,"column":2},"end":{"line":199,"column":3}},"82":{"start":{"line":186,"column":24},"end":{"line":186,"column":54}},"83":{"start":{"line":187,"column":18},"end":{"line":187,"column":70}},"84":{"start":{"line":189,"column":4},"end":{"line":195,"column":6}},"85":{"start":{"line":196,"column":4},"end":{"line":196,"column":38}},"86":{"start":{"line":198,"column":4},"end":{"line":198,"column":43}},"87":{"start":{"line":207,"column":4},"end":{"line":207,"column":38}},"88":{"start":{"line":210,"column":0},"end":{"line":218,"column":3}},"89":{"start":{"line":211,"column":17},"end":{"line":211,"column":27}},"90":{"start":{"line":212,"column":16},"end":{"line":212,"column":38}},"91":{"start":{"line":213,"column":2},"end":{"line":217,"column":3}},"92":{"start":{"line":214,"column":4},"end":{"line":214,"column":32}},"93":{"start":{"line":216,"column":4},"end":{"line":216,"column":68}},"94":{"start":{"line":221,"column":0},"end":{"line":230,"column":3}},"95":{"start":{"line":222,"column":17},"end":{"line":222,"column":27}},"96":{"start":{"line":223,"column":19},"end":{"line":223,"column":27}},"97":{"start":{"line":224,"column":2},"end":{"line":229,"column":3}},"98":{"start":{"line":225,"column":20},"end":{"line":225,"column":50}},"99":{"start":{"line":226,"column":4},"end":{"line":226,"column":34}},"100":{"start":{"line":228,"column":4},"end":{"line":228,"column":61}},"101":{"start":{"line":233,"column":0},"end":{"line":241,"column":3}},"102":{"start":{"line":234,"column":25},"end":{"line":234,"column":35}},"103":{"start":{"line":235,"column":2},"end":{"line":240,"column":3}},"104":{"start":{"line":236,"column":24},"end":{"line":236,"column":52}},"105":{"start":{"line":237,"column":4},"end":{"line":237,"column":80}},"106":{"start":{"line":239,"column":4},"end":{"line":239,"column":54}},"107":{"start":{"line":244,"column":0},"end":{"line":257,"column":3}},"108":{"start":{"line":245,"column":20},"end":{"line":245,"column":28}},"109":{"start":{"line":247,"column":2},"end":{"line":256,"column":3}},"110":{"start":{"line":248,"column":17},"end":{"line":248,"column":44}},"111":{"start":{"line":249,"column":4},"end":{"line":251,"column":5}},"112":{"start":{"line":250,"column":6},"end":{"line":250,"column":52}},"113":{"start":{"line":252,"column":4},"end":{"line":252,"column":51}},"114":{"start":{"line":254,"column":4},"end":{"line":254,"column":25}},"115":{"start":{"line":255,"column":4},"end":{"line":255,"column":68}},"116":{"start":{"line":259,"column":0},"end":{"line":259,"column":23}}},"fnMap":{"0":{"name":"(anonymous_0)","decl":{"start":{"line":45,"column":15},"end":{"line":45,"column":16}},"loc":{"start":{"line":45,"column":35},"end":{"line":52,"column":1}},"line":45},"1":{"name":"(anonymous_1)","decl":{"start":{"line":55,"column":37},"end":{"line":55,"column":38}},"loc":{"start":{"line":55,"column":56},"end":{"line":63,"column":1}},"line":55},"2":{"name":"(anonymous_2)","decl":{"start":{"line":66,"column":37},"end":{"line":66,"column":38}},"loc":{"start":{"line":66,"column":57},"end":{"line":78,"column":1}},"line":66},"3":{"name":"(anonymous_3)","decl":{"start":{"line":81,"column":26},"end":{"line":81,"column":27}},"loc":{"start":{"line":81,"column":46},"end":{"line":89,"column":1}},"line":81},"4":{"name":"(anonymous_4)","decl":{"start":{"line":92,"column":18},"end":{"line":92,"column":19}},"loc":{"start":{"line":92,"column":38},"end":{"line":100,"column":1}},"line":92},"5":{"name":"(anonymous_5)","decl":{"start":{"line":103,"column":31},"end":{"line":103,"column":32}},"loc":{"start":{"line":103,"column":51},"end":{"line":116,"column":1}},"line":103},"6":{"name":"(anonymous_6)","decl":{"start":{"line":119,"column":42},"end":{"line":119,"column":43}},"loc":{"start":{"line":119,"column":62},"end":{"line":136,"column":1}},"line":119},"7":{"name":"(anonymous_7)","decl":{"start":{"line":139,"column":21},"end":{"line":139,"column":22}},"loc":{"start":{"line":139,"column":41},"end":{"line":159,"column":1}},"line":139},"8":{"name":"(anonymous_8)","decl":{"start":{"line":162,"column":44},"end":{"line":162,"column":45}},"loc":{"start":{"line":162,"column":64},"end":{"line":177,"column":1}},"line":162},"9":{"name":"(anonymous_9)","decl":{"start":{"line":180,"column":67},"end":{"line":180,"column":68}},"loc":{"start":{"line":180,"column":87},"end":{"line":200,"column":1}},"line":180},"10":{"name":"(anonymous_10)","decl":{"start":{"line":210,"column":24},"end":{"line":210,"column":25}},"loc":{"start":{"line":210,"column":44},"end":{"line":218,"column":1}},"line":210},"11":{"name":"(anonymous_11)","decl":{"start":{"line":221,"column":25},"end":{"line":221,"column":26}},"loc":{"start":{"line":221,"column":45},"end":{"line":230,"column":1}},"line":221},"12":{"name":"(anonymous_12)","decl":{"start":{"line":233,"column":35},"end":{"line":233,"column":36}},"loc":{"start":{"line":233,"column":55},"end":{"line":241,"column":1}},"line":233},"13":{"name":"(anonymous_13)","decl":{"start":{"line":244,"column":27},"end":{"line":244,"column":28}},"loc":{"start":{"line":244,"column":47},"end":{"line":257,"column":1}},"line":244}},"branchMap":{"0":{"loc":{"start":{"line":47,"column":2},"end":{"line":51,"column":3}},"type":"if","locations":[{"start":{"line":47,"column":2},"end":{"line":51,"column":3}},{"start":{"line":49,"column":9},"end":{"line":51,"column":3}}],"line":47},"1":{"loc":{"start":{"line":58,"column":2},"end":{"line":62,"column":3}},"type":"if","locations":[{"start":{"line":58,"column":2},"end":{"line":62,"column":3}},{"start":{"line":60,"column":9},"end":{"line":62,"column":3}}],"line":58},"2":{"loc":{"start":{"line":70,"column":4},"end":{"line":74,"column":5}},"type":"if","locations":[{"start":{"line":70,"column":4},"end":{"line":74,"column":5}},{"start":{"line":72,"column":11},"end":{"line":74,"column":5}}],"line":70},"3":{"loc":{"start":{"line":84,"column":2},"end":{"line":88,"column":3}},"type":"if","locations":[{"start":{"line":84,"column":2},"end":{"line":88,"column":3}},{"start":{"line":86,"column":9},"end":{"line":88,"column":3}}],"line":84},"4":{"loc":{"start":{"line":95,"column":2},"end":{"line":99,"column":3}},"type":"if","locations":[{"start":{"line":95,"column":2},"end":{"line":99,"column":3}},{"start":{"line":97,"column":9},"end":{"line":99,"column":3}}],"line":95},"5":{"loc":{"start":{"line":107,"column":4},"end":{"line":111,"column":5}},"type":"if","locations":[{"start":{"line":107,"column":4},"end":{"line":111,"column":5}},{"start":{"line":109,"column":11},"end":{"line":111,"column":5}}],"line":107},"6":{"loc":{"start":{"line":124,"column":4},"end":{"line":131,"column":5}},"type":"if","locations":[{"start":{"line":124,"column":4},"end":{"line":131,"column":5}},{"start":{"line":129,"column":11},"end":{"line":131,"column":5}}],"line":124},"7":{"loc":{"start":{"line":142,"column":4},"end":{"line":145,"column":5}},"type":"if","locations":[{"start":{"line":142,"column":4},"end":{"line":145,"column":5}},{"start":{},"end":{}}],"line":142},"8":{"loc":{"start":{"line":165,"column":2},"end":{"line":167,"column":2}},"type":"if","locations":[{"start":{"line":165,"column":2},"end":{"line":167,"column":2}},{"start":{},"end":{}}],"line":165},"9":{"loc":{"start":{"line":170,"column":2},"end":{"line":176,"column":3}},"type":"if","locations":[{"start":{"line":170,"column":2},"end":{"line":176,"column":3}},{"start":{"line":174,"column":9},"end":{"line":176,"column":3}}],"line":170},"10":{"loc":{"start":{"line":182,"column":2},"end":{"line":183,"column":66}},"type":"if","locations":[{"start":{"line":182,"column":2},"end":{"line":183,"column":66}},{"start":{},"end":{}}],"line":182},"11":{"loc":{"start":{"line":213,"column":2},"end":{"line":217,"column":3}},"type":"if","locations":[{"start":{"line":213,"column":2},"end":{"line":217,"column":3}},{"start":{"line":215,"column":9},"end":{"line":217,"column":3}}],"line":213},"12":{"loc":{"start":{"line":249,"column":4},"end":{"line":251,"column":5}},"type":"if","locations":[{"start":{"line":249,"column":4},"end":{"line":251,"column":5}},{"start":{},"end":{}}],"line":249}},"s":{"0":1,"1":1,"2":1,"3":1,"4":1,"5":1,"6":1,"7":1,"8":1,"9":1,"10":1,"11":1,"12":0,"13":0,"14":0,"15":0,"16":1,"17":0,"18":0,"19":0,"20":0,"21":0,"22":1,"23":0,"24":0,"25":0,"26":0,"27":0,"28":0,"29":0,"30":1,"31":0,"32":0,"33":0,"34":0,"35":0,"36":1,"37":0,"38":0,"39":0,"40":0,"41":0,"42":1,"43":0,"44":0,"45":0,"46":0,"47":0,"48":0,"49":0,"50":1,"51":0,"52":0,"53":0,"54":0,"55":0,"56":0,"57":0,"58":0,"59":0,"60":1,"61":0,"62":0,"63":0,"64":0,"65":0,"66":0,"67":0,"68":0,"69":1,"70":0,"71":0,"72":0,"73":0,"74":0,"75":0,"76":0,"77":1,"78":0,"79":0,"80":0,"81":0,"82":0,"83":0,"84":0,"85":0,"86":0,"87":1,"88":1,"89":0,"90":0,"91":0,"92":0,"93":0,"94":1,"95":0,"96":0,"97":0,"98":0,"99":0,"100":0,"101":1,"102":0,"103":0,"104":0,"105":0,"106":0,"107":1,"108":0,"109":0,"110":0,"111":0,"112":0,"113":0,"114":0,"115":0,"116":1},"f":{"0":0,"1":0,"2":0,"3":0,"4":0,"5":0,"6":0,"7":0,"8":0,"9":0,"10":0,"11":0,"12":0,"13":0},"b":{"0":[0,0],"1":[0,0],"2":[0,0],"3":[0,0],"4":[0,0],"5":[0,0],"6":[0,0],"7":[0,0],"8":[0,0],"9":[0,0],"10":[0,0],"11":[0,0],"12":[0,0]},"_coverageSchema":"1a1c01bbd47fc00a2c39e90264f33305004495a9","hash":"3cb7466bd346cd067bd0f2c1730d0f2e90206741"}
,"/Users/jmoncayopursuit.org/Desktop/MVP/mvp-backend/db/dbConfig.js": {"path":"/Users/jmoncayopursuit.org/Desktop/MVP/mvp-backend/db/dbConfig.js","statementMap":{"0":{"start":{"line":4,"column":12},"end":{"line":4,"column":35}},"1":{"start":{"line":5,"column":0},"end":{"line":5,"column":27}},"2":{"start":{"line":7,"column":64},"end":{"line":7,"column":75}},"3":{"start":{"line":8,"column":11},"end":{"line":14,"column":1}},"4":{"start":{"line":17,"column":11},"end":{"line":17,"column":18}},"5":{"start":{"line":20,"column":0},"end":{"line":20,"column":20}}},"fnMap":{},"branchMap":{},"s":{"0":7,"1":7,"2":7,"3":7,"4":7,"5":7},"f":{},"b":{},"_coverageSchema":"1a1c01bbd47fc00a2c39e90264f33305004495a9","hash":"3847b363ce34bbec9a344bfb098603944562e927"}
,"/Users/jmoncayopursuit.org/Desktop/MVP/mvp-backend/queries/assignments.js": {"path":"/Users/jmoncayopursuit.org/Desktop/MVP/mvp-backend/queries/assignments.js","statementMap":{"0":{"start":{"line":1,"column":20},"end":{"line":1,"column":70}},"1":{"start":{"line":2,"column":11},"end":{"line":2,"column":39}},"2":{"start":{"line":4,"column":26},"end":{"line":11,"column":1}},"3":{"start":{"line":5,"column":2},"end":{"line":10,"column":3}},"4":{"start":{"line":6,"column":27},"end":{"line":6,"column":107}},"5":{"start":{"line":7,"column":4},"end":{"line":7,"column":26}},"6":{"start":{"line":9,"column":4},"end":{"line":9,"column":17}},"7":{"start":{"line":14,"column":48},"end":{"line":21,"column":1}},"8":{"start":{"line":15,"column":2},"end":{"line":20,"column":3}},"9":{"start":{"line":16,"column":27},"end":{"line":16,"column":133}},"10":{"start":{"line":17,"column":4},"end":{"line":17,"column":26}},"11":{"start":{"line":19,"column":4},"end":{"line":19,"column":17}},"12":{"start":{"line":23,"column":25},"end":{"line":30,"column":1}},"13":{"start":{"line":24,"column":2},"end":{"line":29,"column":3}},"14":{"start":{"line":25,"column":23},"end":{"line":25,"column":82}},"15":{"start":{"line":26,"column":4},"end":{"line":26,"column":22}},"16":{"start":{"line":28,"column":4},"end":{"line":28,"column":17}},"17":{"start":{"line":33,"column":25},"end":{"line":49,"column":1}},"18":{"start":{"line":34,"column":2},"end":{"line":48,"column":3}},"19":{"start":{"line":35,"column":26},"end":{"line":44,"column":9}},"20":{"start":{"line":45,"column":8},"end":{"line":45,"column":29}},"21":{"start":{"line":47,"column":4},"end":{"line":47,"column":17}},"22":{"start":{"line":63,"column":25},"end":{"line":70,"column":1}},"23":{"start":{"line":64,"column":2},"end":{"line":69,"column":3}},"24":{"start":{"line":65,"column":32},"end":{"line":65,"column":101}},"25":{"start":{"line":66,"column":6},"end":{"line":66,"column":31}},"26":{"start":{"line":68,"column":4},"end":{"line":68,"column":17}},"27":{"start":{"line":72,"column":25},"end":{"line":89,"column":1}},"28":{"start":{"line":73,"column":2},"end":{"line":88,"column":3}},"29":{"start":{"line":74,"column":32},"end":{"line":84,"column":9}},"30":{"start":{"line":85,"column":8},"end":{"line":85,"column":33}},"31":{"start":{"line":87,"column":4},"end":{"line":87,"column":17}},"32":{"start":{"line":91,"column":0},"end":{"line":98,"column":2}}},"fnMap":{"0":{"name":"(anonymous_0)","decl":{"start":{"line":4,"column":26},"end":{"line":4,"column":27}},"loc":{"start":{"line":4,"column":50},"end":{"line":11,"column":1}},"line":4},"1":{"name":"(anonymous_1)","decl":{"start":{"line":14,"column":48},"end":{"line":14,"column":49}},"loc":{"start":{"line":14,"column":81},"end":{"line":21,"column":1}},"line":14},"2":{"name":"(anonymous_2)","decl":{"start":{"line":23,"column":25},"end":{"line":23,"column":26}},"loc":{"start":{"line":23,"column":39},"end":{"line":30,"column":1}},"line":23},"3":{"name":"(anonymous_3)","decl":{"start":{"line":33,"column":25},"end":{"line":33,"column":26}},"loc":{"start":{"line":33,"column":47},"end":{"line":49,"column":1}},"line":33},"4":{"name":"(anonymous_4)","decl":{"start":{"line":63,"column":25},"end":{"line":63,"column":26}},"loc":{"start":{"line":63,"column":39},"end":{"line":70,"column":1}},"line":63},"5":{"name":"(anonymous_5)","decl":{"start":{"line":72,"column":25},"end":{"line":72,"column":26}},"loc":{"start":{"line":72,"column":51},"end":{"line":89,"column":1}},"line":72}},"branchMap":{},"s":{"0":3,"1":3,"2":3,"3":2,"4":2,"5":1,"6":1,"7":3,"8":2,"9":2,"10":1,"11":1,"12":3,"13":2,"14":2,"15":1,"16":1,"17":3,"18":2,"19":2,"20":1,"21":1,"22":3,"23":2,"24":2,"25":1,"26":1,"27":3,"28":2,"29":2,"30":1,"31":1,"32":3},"f":{"0":2,"1":2,"2":2,"3":2,"4":2,"5":2},"b":{},"_coverageSchema":"1a1c01bbd47fc00a2c39e90264f33305004495a9","hash":"633ba202a3bfc9dee3c7cb7f3a8c86ed20e9a461"}
,"/Users/jmoncayopursuit.org/Desktop/MVP/mvp-backend/queries/connections.js": {"path":"/Users/jmoncayopursuit.org/Desktop/MVP/mvp-backend/queries/connections.js","statementMap":{"0":{"start":{"line":3,"column":11},"end":{"line":3,"column":39}},"1":{"start":{"line":5,"column":23},"end":{"line":12,"column":1}},"2":{"start":{"line":6,"column":2},"end":{"line":11,"column":3}},"3":{"start":{"line":7,"column":24},"end":{"line":7,"column":110}},"4":{"start":{"line":8,"column":4},"end":{"line":8,"column":23}},"5":{"start":{"line":10,"column":4},"end":{"line":10,"column":17}},"6":{"start":{"line":14,"column":25},"end":{"line":27,"column":1}},"7":{"start":{"line":15,"column":2},"end":{"line":26,"column":3}},"8":{"start":{"line":16,"column":23},"end":{"line":22,"column":5}},"9":{"start":{"line":23,"column":4},"end":{"line":23,"column":22}},"10":{"start":{"line":25,"column":4},"end":{"line":25,"column":17}},"11":{"start":{"line":30,"column":25},"end":{"line":46,"column":1}},"12":{"start":{"line":31,"column":2},"end":{"line":45,"column":3}},"13":{"start":{"line":32,"column":19},"end":{"line":32,"column":49}},"14":{"start":{"line":33,"column":26},"end":{"line":41,"column":5}},"15":{"start":{"line":42,"column":4},"end":{"line":42,"column":25}},"16":{"start":{"line":44,"column":4},"end":{"line":44,"column":17}},"17":{"start":{"line":48,"column":25},"end":{"line":64,"column":1}},"18":{"start":{"line":49,"column":2},"end":{"line":63,"column":3}},"19":{"start":{"line":50,"column":59},"end":{"line":50,"column":69}},"20":{"start":{"line":51,"column":30},"end":{"line":59,"column":6}},"21":{"start":{"line":60,"column":4},"end":{"line":60,"column":29}},"22":{"start":{"line":62,"column":4},"end":{"line":62,"column":16}},"23":{"start":{"line":66,"column":25},"end":{"line":76,"column":1}},"24":{"start":{"line":67,"column":2},"end":{"line":75,"column":3}},"25":{"start":{"line":68,"column":30},"end":{"line":71,"column":5}},"26":{"start":{"line":72,"column":4},"end":{"line":72,"column":29}},"27":{"start":{"line":74,"column":4},"end":{"line":74,"column":17}},"28":{"start":{"line":78,"column":0},"end":{"line":84,"column":2}}},"fnMap":{"0":{"name":"(anonymous_0)","decl":{"start":{"line":5,"column":23},"end":{"line":5,"column":24}},"loc":{"start":{"line":5,"column":41},"end":{"line":12,"column":1}},"line":5},"1":{"name":"(anonymous_1)","decl":{"start":{"line":14,"column":25},"end":{"line":14,"column":26}},"loc":{"start":{"line":14,"column":48},"end":{"line":27,"column":1}},"line":14},"2":{"name":"(anonymous_2)","decl":{"start":{"line":30,"column":25},"end":{"line":30,"column":26}},"loc":{"start":{"line":30,"column":47},"end":{"line":46,"column":1}},"line":30},"3":{"name":"(anonymous_3)","decl":{"start":{"line":48,"column":25},"end":{"line":48,"column":26}},"loc":{"start":{"line":48,"column":51},"end":{"line":64,"column":1}},"line":48},"4":{"name":"(anonymous_4)","decl":{"start":{"line":66,"column":25},"end":{"line":66,"column":26}},"loc":{"start":{"line":66,"column":39},"end":{"line":76,"column":1}},"line":66}},"branchMap":{"0":{"loc":{"start":{"line":32,"column":19},"end":{"line":32,"column":49}},"type":"binary-expr","locations":[{"start":{"line":32,"column":19},"end":{"line":32,"column":36}},{"start":{"line":32,"column":40},"end":{"line":32,"column":49}}],"line":32}},"s":{"0":5,"1":5,"2":2,"3":2,"4":1,"5":1,"6":5,"7":4,"8":4,"9":3,"10":1,"11":5,"12":2,"13":2,"14":2,"15":1,"16":1,"17":5,"18":2,"19":2,"20":2,"21":1,"22":1,"23":5,"24":2,"25":2,"26":1,"27":1,"28":5},"f":{"0":2,"1":4,"2":2,"3":2,"4":2},"b":{"0":[2,1]},"_coverageSchema":"1a1c01bbd47fc00a2c39e90264f33305004495a9","hash":"d638e2c6d6d01f5075cd5ad352ef6aa573d91515"}
,"/Users/jmoncayopursuit.org/Desktop/MVP/mvp-backend/queries/helperQueries.js": {"path":"/Users/jmoncayopursuit.org/Desktop/MVP/mvp-backend/queries/helperQueries.js","statementMap":{"0":{"start":{"line":3,"column":11},"end":{"line":3,"column":39}},"1":{"start":{"line":7,"column":37},"end":{"line":14,"column":3}},"2":{"start":{"line":8,"column":4},"end":{"line":13,"column":5}},"3":{"start":{"line":9,"column":32},"end":{"line":9,"column":172}},"4":{"start":{"line":10,"column":6},"end":{"line":10,"column":31}},"5":{"start":{"line":12,"column":6},"end":{"line":12,"column":19}},"6":{"start":{"line":16,"column":2},"end":{"line":16,"column":52}}},"fnMap":{"0":{"name":"(anonymous_0)","decl":{"start":{"line":7,"column":37},"end":{"line":7,"column":38}},"loc":{"start":{"line":7,"column":51},"end":{"line":14,"column":3}},"line":7}},"branchMap":{},"s":{"0":1,"1":1,"2":0,"3":0,"4":0,"5":0,"6":1},"f":{"0":0},"b":{},"_coverageSchema":"1a1c01bbd47fc00a2c39e90264f33305004495a9","hash":"35507742cfeb4a00b3998e497b1565d5e6bfada6"}
,"/Users/jmoncayopursuit.org/Desktop/MVP/mvp-backend/queries/messages.js": {"path":"/Users/jmoncayopursuit.org/Desktop/MVP/mvp-backend/queries/messages.js","statementMap":{"0":{"start":{"line":2,"column":11},"end":{"line":2,"column":39}},"1":{"start":{"line":5,"column":23},"end":{"line":15,"column":1}},"2":{"start":{"line":6,"column":2},"end":{"line":14,"column":3}},"3":{"start":{"line":7,"column":21},"end":{"line":10,"column":5}},"4":{"start":{"line":11,"column":4},"end":{"line":11,"column":20}},"5":{"start":{"line":13,"column":4},"end":{"line":13,"column":17}},"6":{"start":{"line":18,"column":22},"end":{"line":28,"column":1}},"7":{"start":{"line":19,"column":2},"end":{"line":27,"column":3}},"8":{"start":{"line":20,"column":20},"end":{"line":23,"column":5}},"9":{"start":{"line":24,"column":4},"end":{"line":24,"column":19}},"10":{"start":{"line":26,"column":4},"end":{"line":26,"column":17}},"11":{"start":{"line":31,"column":22},"end":{"line":46,"column":1}},"12":{"start":{"line":32,"column":2},"end":{"line":45,"column":3}},"13":{"start":{"line":33,"column":23},"end":{"line":41,"column":5}},"14":{"start":{"line":42,"column":4},"end":{"line":42,"column":22}},"15":{"start":{"line":44,"column":4},"end":{"line":44,"column":17}},"16":{"start":{"line":49,"column":22},"end":{"line":59,"column":1}},"17":{"start":{"line":50,"column":2},"end":{"line":58,"column":3}},"18":{"start":{"line":51,"column":27},"end":{"line":54,"column":5}},"19":{"start":{"line":55,"column":4},"end":{"line":55,"column":26}},"20":{"start":{"line":57,"column":4},"end":{"line":57,"column":17}},"21":{"start":{"line":62,"column":22},"end":{"line":72,"column":1}},"22":{"start":{"line":63,"column":2},"end":{"line":71,"column":3}},"23":{"start":{"line":64,"column":20},"end":{"line":67,"column":5}},"24":{"start":{"line":68,"column":4},"end":{"line":68,"column":19}},"25":{"start":{"line":70,"column":4},"end":{"line":70,"column":17}},"26":{"start":{"line":74,"column":0},"end":{"line":80,"column":2}}},"fnMap":{"0":{"name":"(anonymous_0)","decl":{"start":{"line":5,"column":23},"end":{"line":5,"column":24}},"loc":{"start":{"line":5,"column":48},"end":{"line":15,"column":1}},"line":5},"1":{"name":"(anonymous_1)","decl":{"start":{"line":18,"column":22},"end":{"line":18,"column":23}},"loc":{"start":{"line":18,"column":36},"end":{"line":28,"column":1}},"line":18},"2":{"name":"(anonymous_2)","decl":{"start":{"line":31,"column":22},"end":{"line":31,"column":23}},"loc":{"start":{"line":31,"column":41},"end":{"line":46,"column":1}},"line":31},"3":{"name":"(anonymous_3)","decl":{"start":{"line":49,"column":22},"end":{"line":49,"column":23}},"loc":{"start":{"line":49,"column":36},"end":{"line":59,"column":1}},"line":49},"4":{"name":"(anonymous_4)","decl":{"start":{"line":62,"column":22},"end":{"line":62,"column":23}},"loc":{"start":{"line":62,"column":52},"end":{"line":72,"column":1}},"line":62}},"branchMap":{},"s":{"0":2,"1":2,"2":0,"3":0,"4":0,"5":0,"6":2,"7":0,"8":0,"9":0,"10":0,"11":2,"12":0,"13":0,"14":0,"15":0,"16":2,"17":0,"18":0,"19":0,"20":0,"21":2,"22":0,"23":0,"24":0,"25":0,"26":2},"f":{"0":0,"1":0,"2":0,"3":0,"4":0},"b":{},"_coverageSchema":"1a1c01bbd47fc00a2c39e90264f33305004495a9","hash":"eaa5db902c3f2fa1754cb34dffb85402b6733dc9"}
,"/Users/jmoncayopursuit.org/Desktop/MVP/mvp-backend/queries/metrics.js": {"path":"/Users/jmoncayopursuit.org/Desktop/MVP/mvp-backend/queries/metrics.js","statementMap":{"0":{"start":{"line":3,"column":11},"end":{"line":3,"column":39}},"1":{"start":{"line":7,"column":22},"end":{"line":14,"column":1}},"2":{"start":{"line":8,"column":2},"end":{"line":13,"column":3}},"3":{"start":{"line":9,"column":23},"end":{"line":9,"column":100}},"4":{"start":{"line":10,"column":4},"end":{"line":10,"column":22}},"5":{"start":{"line":12,"column":4},"end":{"line":12,"column":17}},"6":{"start":{"line":17,"column":41},"end":{"line":24,"column":1}},"7":{"start":{"line":18,"column":2},"end":{"line":23,"column":3}},"8":{"start":{"line":19,"column":20},"end":{"line":19,"column":122}},"9":{"start":{"line":20,"column":4},"end":{"line":20,"column":19}},"10":{"start":{"line":22,"column":4},"end":{"line":22,"column":17}},"11":{"start":{"line":26,"column":18},"end":{"line":36,"column":1}},"12":{"start":{"line":27,"column":2},"end":{"line":35,"column":3}},"13":{"start":{"line":28,"column":20},"end":{"line":31,"column":5}},"14":{"start":{"line":32,"column":4},"end":{"line":32,"column":19}},"15":{"start":{"line":34,"column":4},"end":{"line":34,"column":17}},"16":{"start":{"line":38,"column":21},"end":{"line":50,"column":1}},"17":{"start":{"line":39,"column":54},"end":{"line":39,"column":60}},"18":{"start":{"line":40,"column":2},"end":{"line":49,"column":3}},"19":{"start":{"line":41,"column":22},"end":{"line":44,"column":5}},"20":{"start":{"line":46,"column":4},"end":{"line":46,"column":21}},"21":{"start":{"line":48,"column":4},"end":{"line":48,"column":17}},"22":{"start":{"line":52,"column":21},"end":{"line":62,"column":1}},"23":{"start":{"line":53,"column":2},"end":{"line":61,"column":3}},"24":{"start":{"line":54,"column":26},"end":{"line":57,"column":5}},"25":{"start":{"line":58,"column":4},"end":{"line":58,"column":25}},"26":{"start":{"line":60,"column":4},"end":{"line":60,"column":17}},"27":{"start":{"line":64,"column":21},"end":{"line":75,"column":1}},"28":{"start":{"line":65,"column":29},"end":{"line":65,"column":35}},"29":{"start":{"line":66,"column":2},"end":{"line":74,"column":3}},"30":{"start":{"line":67,"column":26},"end":{"line":70,"column":5}},"31":{"start":{"line":71,"column":4},"end":{"line":71,"column":25}},"32":{"start":{"line":73,"column":4},"end":{"line":73,"column":17}},"33":{"start":{"line":77,"column":0},"end":{"line":84,"column":2}}},"fnMap":{"0":{"name":"(anonymous_0)","decl":{"start":{"line":7,"column":22},"end":{"line":7,"column":23}},"loc":{"start":{"line":7,"column":47},"end":{"line":14,"column":1}},"line":7},"1":{"name":"(anonymous_1)","decl":{"start":{"line":17,"column":41},"end":{"line":17,"column":42}},"loc":{"start":{"line":17,"column":76},"end":{"line":24,"column":1}},"line":17},"2":{"name":"(anonymous_2)","decl":{"start":{"line":26,"column":18},"end":{"line":26,"column":19}},"loc":{"start":{"line":26,"column":32},"end":{"line":36,"column":1}},"line":26},"3":{"name":"(anonymous_3)","decl":{"start":{"line":38,"column":21},"end":{"line":38,"column":22}},"loc":{"start":{"line":38,"column":39},"end":{"line":50,"column":1}},"line":38},"4":{"name":"(anonymous_4)","decl":{"start":{"line":52,"column":21},"end":{"line":52,"column":22}},"loc":{"start":{"line":52,"column":35},"end":{"line":62,"column":1}},"line":52},"5":{"name":"(anonymous_5)","decl":{"start":{"line":64,"column":21},"end":{"line":64,"column":22}},"loc":{"start":{"line":64,"column":43},"end":{"line":75,"column":1}},"line":64}},"branchMap":{},"s":{"0":2,"1":2,"2":0,"3":0,"4":0,"5":0,"6":2,"7":0,"8":0,"9":0,"10":0,"11":2,"12":0,"13":0,"14":0,"15":0,"16":2,"17":0,"18":0,"19":0,"20":0,"21":0,"22":2,"23":0,"24":0,"25":0,"26":0,"27":2,"28":0,"29":0,"30":0,"31":0,"32":0,"33":2},"f":{"0":0,"1":0,"2":0,"3":0,"4":0,"5":0},"b":{},"_coverageSchema":"1a1c01bbd47fc00a2c39e90264f33305004495a9","hash":"4dd7af270e1e207813567e690ca1ebb0ec98f2e3"}
,"/Users/jmoncayopursuit.org/Desktop/MVP/mvp-backend/queries/skills.js": {"path":"/Users/jmoncayopursuit.org/Desktop/MVP/mvp-backend/queries/skills.js","statementMap":{"0":{"start":{"line":3,"column":11},"end":{"line":3,"column":39}},"1":{"start":{"line":5,"column":21},"end":{"line":12,"column":1}},"2":{"start":{"line":6,"column":2},"end":{"line":11,"column":3}},"3":{"start":{"line":7,"column":19},"end":{"line":7,"column":55}},"4":{"start":{"line":8,"column":4},"end":{"line":8,"column":18}},"5":{"start":{"line":10,"column":4},"end":{"line":10,"column":17}},"6":{"start":{"line":14,"column":17},"end":{"line":21,"column":1}},"7":{"start":{"line":15,"column":2},"end":{"line":20,"column":3}},"8":{"start":{"line":16,"column":18},"end":{"line":16,"column":76}},"9":{"start":{"line":17,"column":4},"end":{"line":17,"column":17}},"10":{"start":{"line":19,"column":4},"end":{"line":19,"column":17}},"11":{"start":{"line":23,"column":0},"end":{"line":23,"column":44}}},"fnMap":{"0":{"name":"(anonymous_0)","decl":{"start":{"line":5,"column":21},"end":{"line":5,"column":22}},"loc":{"start":{"line":5,"column":33},"end":{"line":12,"column":1}},"line":5},"1":{"name":"(anonymous_1)","decl":{"start":{"line":14,"column":17},"end":{"line":14,"column":18}},"loc":{"start":{"line":14,"column":31},"end":{"line":21,"column":1}},"line":14}},"branchMap":{},"s":{"0":1,"1":1,"2":0,"3":0,"4":0,"5":0,"6":1,"7":0,"8":0,"9":0,"10":0,"11":1},"f":{"0":0,"1":0},"b":{},"_coverageSchema":"1a1c01bbd47fc00a2c39e90264f33305004495a9","hash":"94200e4bab0c46b81e290afa1928913d39c47d01"}
,"/Users/jmoncayopursuit.org/Desktop/MVP/mvp-backend/queries/userLinks.js": {"path":"/Users/jmoncayopursuit.org/Desktop/MVP/mvp-backend/queries/userLinks.js","statementMap":{"0":{"start":{"line":3,"column":11},"end":{"line":3,"column":39}},"1":{"start":{"line":6,"column":21},"end":{"line":13,"column":1}},"2":{"start":{"line":7,"column":2},"end":{"line":12,"column":3}},"3":{"start":{"line":8,"column":18},"end":{"line":8,"column":83}},"4":{"start":{"line":9,"column":4},"end":{"line":9,"column":17}},"5":{"start":{"line":11,"column":4},"end":{"line":11,"column":17}},"6":{"start":{"line":16,"column":23},"end":{"line":26,"column":1}},"7":{"start":{"line":17,"column":2},"end":{"line":25,"column":3}},"8":{"start":{"line":18,"column":20},"end":{"line":21,"column":5}},"9":{"start":{"line":22,"column":4},"end":{"line":22,"column":19}},"10":{"start":{"line":24,"column":4},"end":{"line":24,"column":17}},"11":{"start":{"line":29,"column":23},"end":{"line":39,"column":1}},"12":{"start":{"line":30,"column":2},"end":{"line":38,"column":3}},"13":{"start":{"line":31,"column":24},"end":{"line":34,"column":5}},"14":{"start":{"line":35,"column":4},"end":{"line":35,"column":23}},"15":{"start":{"line":37,"column":4},"end":{"line":37,"column":17}},"16":{"start":{"line":41,"column":0},"end":{"line":45,"column":2}}},"fnMap":{"0":{"name":"(anonymous_0)","decl":{"start":{"line":6,"column":21},"end":{"line":6,"column":22}},"loc":{"start":{"line":6,"column":39},"end":{"line":13,"column":1}},"line":6},"1":{"name":"(anonymous_1)","decl":{"start":{"line":16,"column":23},"end":{"line":16,"column":24}},"loc":{"start":{"line":16,"column":47},"end":{"line":26,"column":1}},"line":16},"2":{"name":"(anonymous_2)","decl":{"start":{"line":29,"column":23},"end":{"line":29,"column":24}},"loc":{"start":{"line":29,"column":41},"end":{"line":39,"column":1}},"line":29}},"branchMap":{},"s":{"0":1,"1":1,"2":0,"3":0,"4":0,"5":0,"6":1,"7":0,"8":0,"9":0,"10":0,"11":1,"12":0,"13":0,"14":0,"15":0,"16":1},"f":{"0":0,"1":0,"2":0},"b":{},"_coverageSchema":"1a1c01bbd47fc00a2c39e90264f33305004495a9","hash":"69a81d9c373f47efd0100a0f6b4b90993dff556b"}
,"/Users/jmoncayopursuit.org/Desktop/MVP/mvp-backend/queries/users.js": {"path":"/Users/jmoncayopursuit.org/Desktop/MVP/mvp-backend/queries/users.js","statementMap":{"0":{"start":{"line":3,"column":11},"end":{"line":3,"column":39}},"1":{"start":{"line":4,"column":15},"end":{"line":4,"column":32}},"2":{"start":{"line":6,"column":25},"end":{"line":6,"column":57}},"3":{"start":{"line":8,"column":20},"end":{"line":15,"column":1}},"4":{"start":{"line":9,"column":2},"end":{"line":14,"column":3}},"5":{"start":{"line":10,"column":21},"end":{"line":10,"column":56}},"6":{"start":{"line":11,"column":4},"end":{"line":11,"column":20}},"7":{"start":{"line":13,"column":4},"end":{"line":13,"column":17}},"8":{"start":{"line":19,"column":16},"end":{"line":26,"column":1}},"9":{"start":{"line":20,"column":2},"end":{"line":25,"column":3}},"10":{"start":{"line":21,"column":17},"end":{"line":21,"column":68}},"11":{"start":{"line":22,"column":4},"end":{"line":22,"column":16}},"12":{"start":{"line":24,"column":4},"end":{"line":24,"column":17}},"13":{"start":{"line":29,"column":25},"end":{"line":36,"column":1}},"14":{"start":{"line":30,"column":2},"end":{"line":35,"column":3}},"15":{"start":{"line":31,"column":17},"end":{"line":31,"column":82}},"16":{"start":{"line":32,"column":4},"end":{"line":32,"column":25}},"17":{"start":{"line":34,"column":4},"end":{"line":34,"column":17}},"18":{"start":{"line":39,"column":19},"end":{"line":70,"column":1}},"19":{"start":{"line":40,"column":2},"end":{"line":69,"column":3}},"20":{"start":{"line":41,"column":24},"end":{"line":41,"column":58}},"21":{"start":{"line":42,"column":4},"end":{"line":44,"column":5}},"22":{"start":{"line":43,"column":6},"end":{"line":43,"column":46}},"23":{"start":{"line":46,"column":43},"end":{"line":46,"column":47}},"24":{"start":{"line":47,"column":17},"end":{"line":47,"column":19}},"25":{"start":{"line":48,"column":17},"end":{"line":48,"column":55}},"26":{"start":{"line":49,"column":20},"end":{"line":62,"column":5}},"27":{"start":{"line":63,"column":4},"end":{"line":66,"column":46}},"28":{"start":{"line":64,"column":6},"end":{"line":64,"column":21}},"29":{"start":{"line":66,"column":6},"end":{"line":66,"column":46}},"30":{"start":{"line":68,"column":4},"end":{"line":68,"column":17}},"31":{"start":{"line":72,"column":19},"end":{"line":82,"column":1}},"32":{"start":{"line":73,"column":2},"end":{"line":81,"column":3}},"33":{"start":{"line":74,"column":24},"end":{"line":77,"column":5}},"34":{"start":{"line":78,"column":4},"end":{"line":78,"column":23}},"35":{"start":{"line":80,"column":4},"end":{"line":80,"column":17}},"36":{"start":{"line":84,"column":19},"end":{"line":104,"column":1}},"37":{"start":{"line":85,"column":2},"end":{"line":103,"column":3}},"38":{"start":{"line":86,"column":24},"end":{"line":99,"column":5}},"39":{"start":{"line":100,"column":4},"end":{"line":100,"column":23}},"40":{"start":{"line":102,"column":4},"end":{"line":102,"column":17}},"41":{"start":{"line":106,"column":18},"end":{"line":123,"column":1}},"42":{"start":{"line":107,"column":2},"end":{"line":122,"column":3}},"43":{"start":{"line":108,"column":25},"end":{"line":108,"column":95}},"44":{"start":{"line":110,"column":4},"end":{"line":112,"column":5}},"45":{"start":{"line":111,"column":6},"end":{"line":111,"column":18}},"46":{"start":{"line":114,"column":26},"end":{"line":114,"column":94}},"47":{"start":{"line":116,"column":4},"end":{"line":118,"column":5}},"48":{"start":{"line":117,"column":6},"end":{"line":117,"column":18}},"49":{"start":{"line":119,"column":4},"end":{"line":119,"column":23}},"50":{"start":{"line":121,"column":4},"end":{"line":121,"column":16}},"51":{"start":{"line":125,"column":23},"end":{"line":132,"column":1}},"52":{"start":{"line":126,"column":2},"end":{"line":131,"column":3}},"53":{"start":{"line":127,"column":17},"end":{"line":127,"column":82}},"54":{"start":{"line":128,"column":4},"end":{"line":128,"column":16}},"55":{"start":{"line":130,"column":4},"end":{"line":130,"column":17}},"56":{"start":{"line":134,"column":24},"end":{"line":152,"column":1}},"57":{"start":{"line":135,"column":19},"end":{"line":143,"column":5}},"58":{"start":{"line":145,"column":21},"end":{"line":145,"column":36}},"59":{"start":{"line":146,"column":2},"end":{"line":151,"column":3}},"60":{"start":{"line":147,"column":18},"end":{"line":147,"column":93}},"61":{"start":{"line":148,"column":4},"end":{"line":148,"column":17}},"62":{"start":{"line":150,"column":4},"end":{"line":150,"column":17}},"63":{"start":{"line":155,"column":44},"end":{"line":162,"column":1}},"64":{"start":{"line":156,"column":2},"end":{"line":161,"column":3}},"65":{"start":{"line":157,"column":24},"end":{"line":157,"column":226}},"66":{"start":{"line":158,"column":4},"end":{"line":158,"column":23}},"67":{"start":{"line":160,"column":4},"end":{"line":160,"column":17}},"68":{"start":{"line":164,"column":37},"end":{"line":172,"column":1}},"69":{"start":{"line":165,"column":2},"end":{"line":171,"column":3}},"70":{"start":{"line":166,"column":24},"end":{"line":166,"column":287}},"71":{"start":{"line":167,"column":32},"end":{"line":167,"column":89}},"72":{"start":{"line":167,"column":65},"end":{"line":167,"column":88}},"73":{"start":{"line":168,"column":4},"end":{"line":168,"column":31}},"74":{"start":{"line":170,"column":4},"end":{"line":170,"column":17}},"75":{"start":{"line":174,"column":0},"end":{"line":185,"column":2}}},"fnMap":{"0":{"name":"(anonymous_0)","decl":{"start":{"line":8,"column":20},"end":{"line":8,"column":21}},"loc":{"start":{"line":8,"column":32},"end":{"line":15,"column":1}},"line":8},"1":{"name":"(anonymous_1)","decl":{"start":{"line":19,"column":16},"end":{"line":19,"column":17}},"loc":{"start":{"line":19,"column":30},"end":{"line":26,"column":1}},"line":19},"2":{"name":"(anonymous_2)","decl":{"start":{"line":29,"column":25},"end":{"line":29,"column":26}},"loc":{"start":{"line":29,"column":42},"end":{"line":36,"column":1}},"line":29},"3":{"name":"(anonymous_3)","decl":{"start":{"line":39,"column":19},"end":{"line":39,"column":20}},"loc":{"start":{"line":39,"column":35},"end":{"line":70,"column":1}},"line":39},"4":{"name":"(anonymous_4)","decl":{"start":{"line":72,"column":19},"end":{"line":72,"column":20}},"loc":{"start":{"line":72,"column":33},"end":{"line":82,"column":1}},"line":72},"5":{"name":"(anonymous_5)","decl":{"start":{"line":84,"column":19},"end":{"line":84,"column":20}},"loc":{"start":{"line":84,"column":39},"end":{"line":104,"column":1}},"line":84},"6":{"name":"(anonymous_6)","decl":{"start":{"line":106,"column":18},"end":{"line":106,"column":19}},"loc":{"start":{"line":106,"column":34},"end":{"line":123,"column":1}},"line":106},"7":{"name":"(anonymous_7)","decl":{"start":{"line":125,"column":23},"end":{"line":125,"column":24}},"loc":{"start":{"line":125,"column":40},"end":{"line":132,"column":1}},"line":125},"8":{"name":"(anonymous_8)","decl":{"start":{"line":134,"column":24},"end":{"line":134,"column":25}},"loc":{"start":{"line":134,"column":43},"end":{"line":152,"column":1}},"line":134},"9":{"name":"(anonymous_9)","decl":{"start":{"line":155,"column":44},"end":{"line":155,"column":45}},"loc":{"start":{"line":155,"column":62},"end":{"line":162,"column":1}},"line":155},"10":{"name":"(anonymous_10)","decl":{"start":{"line":164,"column":37},"end":{"line":164,"column":38}},"loc":{"start":{"line":164,"column":55},"end":{"line":172,"column":1}},"line":164},"11":{"name":"(anonymous_11)","decl":{"start":{"line":167,"column":51},"end":{"line":167,"column":52}},"loc":{"start":{"line":167,"column":65},"end":{"line":167,"column":88}},"line":167}},"branchMap":{"0":{"loc":{"start":{"line":42,"column":4},"end":{"line":44,"column":5}},"type":"if","locations":[{"start":{"line":42,"column":4},"end":{"line":44,"column":5}},{"start":{},"end":{}}],"line":42},"1":{"loc":{"start":{"line":63,"column":4},"end":{"line":66,"column":46}},"type":"if","locations":[{"start":{"line":63,"column":4},"end":{"line":66,"column":46}},{"start":{"line":66,"column":6},"end":{"line":66,"column":46}}],"line":63},"2":{"loc":{"start":{"line":110,"column":4},"end":{"line":112,"column":5}},"type":"if","locations":[{"start":{"line":110,"column":4},"end":{"line":112,"column":5}},{"start":{},"end":{}}],"line":110},"3":{"loc":{"start":{"line":116,"column":4},"end":{"line":118,"column":5}},"type":"if","locations":[{"start":{"line":116,"column":4},"end":{"line":118,"column":5}},{"start":{},"end":{}}],"line":116}},"s":{"0":1,"1":1,"2":1,"3":1,"4":0,"5":0,"6":0,"7":0,"8":1,"9":0,"10":0,"11":0,"12":0,"13":1,"14":0,"15":0,"16":0,"17":0,"18":1,"19":0,"20":0,"21":0,"22":0,"23":0,"24":0,"25":0,"26":0,"27":0,"28":0,"29":0,"30":0,"31":1,"32":0,"33":0,"34":0,"35":0,"36":1,"37":0,"38":0,"39":0,"40":0,"41":1,"42":0,"43":0,"44":0,"45":0,"46":0,"47":0,"48":0,"49":0,"50":0,"51":1,"52":0,"53":0,"54":0,"55":0,"56":1,"57":0,"58":0,"59":0,"60":0,"61":0,"62":0,"63":1,"64":0,"65":0,"66":0,"67":0,"68":1,"69":0,"70":0,"71":0,"72":0,"73":0,"74":0,"75":1},"f":{"0":0,"1":0,"2":0,"3":0,"4":0,"5":0,"6":0,"7":0,"8":0,"9":0,"10":0,"11":0},"b":{"0":[0,0],"1":[0,0],"2":[0,0],"3":[0,0]},"_coverageSchema":"1a1c01bbd47fc00a2c39e90264f33305004495a9","hash":"fc4d65773a5509e76964220d57d952f27867fe85"}
,"/Users/jmoncayopursuit.org/Desktop/MVP/mvp-backend/validations/assignmentValidations.js": {"path":"/Users/jmoncayopursuit.org/Desktop/MVP/mvp-backend/validations/assignmentValidations.js","statementMap":{"0":{"start":{"line":2,"column":18},"end":{"line":8,"column":3}},"1":{"start":{"line":3,"column":21},"end":{"line":3,"column":29}},"2":{"start":{"line":4,"column":4},"end":{"line":6,"column":5}},"3":{"start":{"line":5,"column":6},"end":{"line":5,"column":96}},"4":{"start":{"line":7,"column":4},"end":{"line":7,"column":11}},"5":{"start":{"line":11,"column":28},"end":{"line":17,"column":3}},"6":{"start":{"line":12,"column":30},"end":{"line":12,"column":38}},"7":{"start":{"line":13,"column":4},"end":{"line":15,"column":5}},"8":{"start":{"line":14,"column":6},"end":{"line":14,"column":95}},"9":{"start":{"line":16,"column":4},"end":{"line":16,"column":11}},"10":{"start":{"line":20,"column":24},"end":{"line":26,"column":3}},"11":{"start":{"line":21,"column":26},"end":{"line":21,"column":34}},"12":{"start":{"line":22,"column":4},"end":{"line":24,"column":5}},"13":{"start":{"line":23,"column":6},"end":{"line":23,"column":91}},"14":{"start":{"line":25,"column":4},"end":{"line":25,"column":11}},"15":{"start":{"line":28,"column":2},"end":{"line":32,"column":4}}},"fnMap":{"0":{"name":"(anonymous_0)","decl":{"start":{"line":2,"column":18},"end":{"line":2,"column":19}},"loc":{"start":{"line":2,"column":38},"end":{"line":8,"column":3}},"line":2},"1":{"name":"(anonymous_1)","decl":{"start":{"line":11,"column":28},"end":{"line":11,"column":29}},"loc":{"start":{"line":11,"column":48},"end":{"line":17,"column":3}},"line":11},"2":{"name":"(anonymous_2)","decl":{"start":{"line":20,"column":24},"end":{"line":20,"column":25}},"loc":{"start":{"line":20,"column":44},"end":{"line":26,"column":3}},"line":20}},"branchMap":{"0":{"loc":{"start":{"line":4,"column":4},"end":{"line":6,"column":5}},"type":"if","locations":[{"start":{"line":4,"column":4},"end":{"line":6,"column":5}},{"start":{},"end":{}}],"line":4},"1":{"loc":{"start":{"line":4,"column":8},"end":{"line":4,"column":69}},"type":"binary-expr","locations":[{"start":{"line":4,"column":8},"end":{"line":4,"column":13}},{"start":{"line":4,"column":17},"end":{"line":4,"column":41}},{"start":{"line":4,"column":45},"end":{"line":4,"column":69}}],"line":4},"2":{"loc":{"start":{"line":13,"column":4},"end":{"line":15,"column":5}},"type":"if","locations":[{"start":{"line":13,"column":4},"end":{"line":15,"column":5}},{"start":{},"end":{}}],"line":13},"3":{"loc":{"start":{"line":13,"column":8},"end":{"line":13,"column":59}},"type":"binary-expr","locations":[{"start":{"line":13,"column":8},"end":{"line":13,"column":22}},{"start":{"line":13,"column":26},"end":{"line":13,"column":59}}],"line":13},"4":{"loc":{"start":{"line":22,"column":4},"end":{"line":24,"column":5}},"type":"if","locations":[{"start":{"line":22,"column":4},"end":{"line":24,"column":5}},{"start":{},"end":{}}],"line":22},"5":{"loc":{"start":{"line":22,"column":8},"end":{"line":22,"column":51}},"type":"binary-expr","locations":[{"start":{"line":22,"column":8},"end":{"line":22,"column":18}},{"start":{"line":22,"column":22},"end":{"line":22,"column":51}}],"line":22}},"s":{"0":4,"1":3,"2":3,"3":0,"4":3,"5":4,"6":3,"7":3,"8":0,"9":3,"10":4,"11":3,"12":3,"13":0,"14":3,"15":4},"f":{"0":3,"1":3,"2":3},"b":{"0":[0,3],"1":[3,3,3],"2":[0,3],"3":[3,3],"4":[0,3],"5":[3,3]},"_coverageSchema":"1a1c01bbd47fc00a2c39e90264f33305004495a9","hash":"e7026fee3d58d8e151ad10d8512490ac392ebe9c"}
,"/Users/jmoncayopursuit.org/Desktop/MVP/mvp-backend/validations/connectionValidations.js": {"path":"/Users/jmoncayopursuit.org/Desktop/MVP/mvp-backend/validations/connectionValidations.js","statementMap":{"0":{"start":{"line":2,"column":22},"end":{"line":8,"column":3}},"1":{"start":{"line":3,"column":26},"end":{"line":3,"column":34}},"2":{"start":{"line":4,"column":4},"end":{"line":6,"column":5}},"3":{"start":{"line":5,"column":6},"end":{"line":5,"column":91}},"4":{"start":{"line":7,"column":4},"end":{"line":7,"column":11}},"5":{"start":{"line":11,"column":24},"end":{"line":17,"column":3}},"6":{"start":{"line":12,"column":26},"end":{"line":12,"column":34}},"7":{"start":{"line":13,"column":4},"end":{"line":15,"column":5}},"8":{"start":{"line":14,"column":6},"end":{"line":14,"column":91}},"9":{"start":{"line":16,"column":4},"end":{"line":16,"column":11}},"10":{"start":{"line":20,"column":23},"end":{"line":26,"column":3}},"11":{"start":{"line":21,"column":25},"end":{"line":21,"column":33}},"12":{"start":{"line":22,"column":4},"end":{"line":24,"column":5}},"13":{"start":{"line":23,"column":6},"end":{"line":23,"column":90}},"14":{"start":{"line":25,"column":4},"end":{"line":25,"column":11}},"15":{"start":{"line":28,"column":2},"end":{"line":32,"column":4}}},"fnMap":{"0":{"name":"(anonymous_0)","decl":{"start":{"line":2,"column":22},"end":{"line":2,"column":23}},"loc":{"start":{"line":2,"column":42},"end":{"line":8,"column":3}},"line":2},"1":{"name":"(anonymous_1)","decl":{"start":{"line":11,"column":24},"end":{"line":11,"column":25}},"loc":{"start":{"line":11,"column":44},"end":{"line":17,"column":3}},"line":11},"2":{"name":"(anonymous_2)","decl":{"start":{"line":20,"column":23},"end":{"line":20,"column":24}},"loc":{"start":{"line":20,"column":43},"end":{"line":26,"column":3}},"line":20}},"branchMap":{"0":{"loc":{"start":{"line":4,"column":4},"end":{"line":6,"column":5}},"type":"if","locations":[{"start":{"line":4,"column":4},"end":{"line":6,"column":5}},{"start":{},"end":{}}],"line":4},"1":{"loc":{"start":{"line":4,"column":8},"end":{"line":4,"column":51}},"type":"binary-expr","locations":[{"start":{"line":4,"column":8},"end":{"line":4,"column":18}},{"start":{"line":4,"column":22},"end":{"line":4,"column":51}}],"line":4},"2":{"loc":{"start":{"line":13,"column":4},"end":{"line":15,"column":5}},"type":"if","locations":[{"start":{"line":13,"column":4},"end":{"line":15,"column":5}},{"start":{},"end":{}}],"line":13},"3":{"loc":{"start":{"line":13,"column":8},"end":{"line":13,"column":51}},"type":"binary-expr","locations":[{"start":{"line":13,"column":8},"end":{"line":13,"column":18}},{"start":{"line":13,"column":22},"end":{"line":13,"column":51}}],"line":13},"4":{"loc":{"start":{"line":22,"column":4},"end":{"line":24,"column":5}},"type":"if","locations":[{"start":{"line":22,"column":4},"end":{"line":24,"column":5}},{"start":{},"end":{}}],"line":22},"5":{"loc":{"start":{"line":22,"column":8},"end":{"line":22,"column":49}},"type":"binary-expr","locations":[{"start":{"line":22,"column":8},"end":{"line":22,"column":17}},{"start":{"line":22,"column":21},"end":{"line":22,"column":49}}],"line":22}},"s":{"0":2,"1":4,"2":4,"3":2,"4":2,"5":2,"6":2,"7":2,"8":0,"9":2,"10":2,"11":2,"12":2,"13":0,"14":2,"15":2},"f":{"0":4,"1":2,"2":2},"b":{"0":[2,2],"1":[4,2],"2":[0,2],"3":[2,2],"4":[0,2],"5":[2,2]},"_coverageSchema":"1a1c01bbd47fc00a2c39e90264f33305004495a9","hash":"03720917fdf69ac071ae1846785adfbe9a8c22ae"}
,"/Users/jmoncayopursuit.org/Desktop/MVP/mvp-backend/validations/messagesValidations.js": {"path":"/Users/jmoncayopursuit.org/Desktop/MVP/mvp-backend/validations/messagesValidations.js","statementMap":{"0":{"start":{"line":2,"column":18},"end":{"line":8,"column":3}},"1":{"start":{"line":3,"column":21},"end":{"line":3,"column":29}},"2":{"start":{"line":4,"column":4},"end":{"line":6,"column":5}},"3":{"start":{"line":5,"column":6},"end":{"line":5,"column":73}},"4":{"start":{"line":7,"column":4},"end":{"line":7,"column":11}},"5":{"start":{"line":11,"column":24},"end":{"line":17,"column":3}},"6":{"start":{"line":12,"column":26},"end":{"line":12,"column":34}},"7":{"start":{"line":13,"column":4},"end":{"line":15,"column":5}},"8":{"start":{"line":14,"column":6},"end":{"line":14,"column":91}},"9":{"start":{"line":16,"column":4},"end":{"line":16,"column":11}},"10":{"start":{"line":20,"column":27},"end":{"line":26,"column":3}},"11":{"start":{"line":21,"column":29},"end":{"line":21,"column":37}},"12":{"start":{"line":22,"column":4},"end":{"line":24,"column":5}},"13":{"start":{"line":23,"column":6},"end":{"line":23,"column":94}},"14":{"start":{"line":25,"column":4},"end":{"line":25,"column":11}},"15":{"start":{"line":29,"column":28},"end":{"line":35,"column":3}},"16":{"start":{"line":30,"column":30},"end":{"line":30,"column":38}},"17":{"start":{"line":31,"column":4},"end":{"line":33,"column":5}},"18":{"start":{"line":32,"column":6},"end":{"line":32,"column":95}},"19":{"start":{"line":34,"column":4},"end":{"line":34,"column":11}},"20":{"start":{"line":37,"column":2},"end":{"line":42,"column":4}}},"fnMap":{"0":{"name":"(anonymous_0)","decl":{"start":{"line":2,"column":18},"end":{"line":2,"column":19}},"loc":{"start":{"line":2,"column":38},"end":{"line":8,"column":3}},"line":2},"1":{"name":"(anonymous_1)","decl":{"start":{"line":11,"column":24},"end":{"line":11,"column":25}},"loc":{"start":{"line":11,"column":44},"end":{"line":17,"column":3}},"line":11},"2":{"name":"(anonymous_2)","decl":{"start":{"line":20,"column":27},"end":{"line":20,"column":28}},"loc":{"start":{"line":20,"column":47},"end":{"line":26,"column":3}},"line":20},"3":{"name":"(anonymous_3)","decl":{"start":{"line":29,"column":28},"end":{"line":29,"column":29}},"loc":{"start":{"line":29,"column":48},"end":{"line":35,"column":3}},"line":29}},"branchMap":{"0":{"loc":{"start":{"line":4,"column":4},"end":{"line":6,"column":5}},"type":"if","locations":[{"start":{"line":4,"column":4},"end":{"line":6,"column":5}},{"start":{},"end":{}}],"line":4},"1":{"loc":{"start":{"line":4,"column":8},"end":{"line":4,"column":41}},"type":"binary-expr","locations":[{"start":{"line":4,"column":8},"end":{"line":4,"column":13}},{"start":{"line":4,"column":17},"end":{"line":4,"column":41}}],"line":4},"2":{"loc":{"start":{"line":13,"column":4},"end":{"line":15,"column":5}},"type":"if","locations":[{"start":{"line":13,"column":4},"end":{"line":15,"column":5}},{"start":{},"end":{}}],"line":13},"3":{"loc":{"start":{"line":13,"column":8},"end":{"line":13,"column":51}},"type":"binary-expr","locations":[{"start":{"line":13,"column":8},"end":{"line":13,"column":18}},{"start":{"line":13,"column":22},"end":{"line":13,"column":51}}],"line":13},"4":{"loc":{"start":{"line":22,"column":4},"end":{"line":24,"column":5}},"type":"if","locations":[{"start":{"line":22,"column":4},"end":{"line":24,"column":5}},{"start":{},"end":{}}],"line":22},"5":{"loc":{"start":{"line":22,"column":8},"end":{"line":22,"column":57}},"type":"binary-expr","locations":[{"start":{"line":22,"column":8},"end":{"line":22,"column":21}},{"start":{"line":22,"column":25},"end":{"line":22,"column":57}}],"line":22},"6":{"loc":{"start":{"line":31,"column":4},"end":{"line":33,"column":5}},"type":"if","locations":[{"start":{"line":31,"column":4},"end":{"line":33,"column":5}},{"start":{},"end":{}}],"line":31},"7":{"loc":{"start":{"line":31,"column":8},"end":{"line":31,"column":59}},"type":"binary-expr","locations":[{"start":{"line":31,"column":8},"end":{"line":31,"column":22}},{"start":{"line":31,"column":26},"end":{"line":31,"column":59}}],"line":31}},"s":{"0":2,"1":0,"2":0,"3":0,"4":0,"5":2,"6":0,"7":0,"8":0,"9":0,"10":2,"11":0,"12":0,"13":0,"14":0,"15":2,"16":0,"17":0,"18":0,"19":0,"20":2},"f":{"0":0,"1":0,"2":0,"3":0},"b":{"0":[0,0],"1":[0,0],"2":[0,0],"3":[0,0],"4":[0,0],"5":[0,0],"6":[0,0],"7":[0,0]},"_coverageSchema":"1a1c01bbd47fc00a2c39e90264f33305004495a9","hash":"54bd478f7067b7a49ac3dc1aa240506878af319c"}
,"/Users/jmoncayopursuit.org/Desktop/MVP/mvp-backend/validations/metricValidations.js": {"path":"/Users/jmoncayopursuit.org/Desktop/MVP/mvp-backend/validations/metricValidations.js","statementMap":{"0":{"start":{"line":2,"column":18},"end":{"line":8,"column":3}},"1":{"start":{"line":3,"column":21},"end":{"line":3,"column":29}},"2":{"start":{"line":4,"column":4},"end":{"line":6,"column":5}},"3":{"start":{"line":5,"column":6},"end":{"line":5,"column":86}},"4":{"start":{"line":7,"column":4},"end":{"line":7,"column":11}},"5":{"start":{"line":11,"column":28},"end":{"line":17,"column":3}},"6":{"start":{"line":12,"column":30},"end":{"line":12,"column":38}},"7":{"start":{"line":13,"column":4},"end":{"line":15,"column":5}},"8":{"start":{"line":14,"column":6},"end":{"line":14,"column":95}},"9":{"start":{"line":16,"column":4},"end":{"line":16,"column":11}},"10":{"start":{"line":19,"column":2},"end":{"line":22,"column":4}}},"fnMap":{"0":{"name":"(anonymous_0)","decl":{"start":{"line":2,"column":18},"end":{"line":2,"column":19}},"loc":{"start":{"line":2,"column":38},"end":{"line":8,"column":3}},"line":2},"1":{"name":"(anonymous_1)","decl":{"start":{"line":11,"column":28},"end":{"line":11,"column":29}},"loc":{"start":{"line":11,"column":48},"end":{"line":17,"column":3}},"line":11}},"branchMap":{"0":{"loc":{"start":{"line":4,"column":4},"end":{"line":6,"column":5}},"type":"if","locations":[{"start":{"line":4,"column":4},"end":{"line":6,"column":5}},{"start":{},"end":{}}],"line":4},"1":{"loc":{"start":{"line":4,"column":8},"end":{"line":4,"column":41}},"type":"binary-expr","locations":[{"start":{"line":4,"column":8},"end":{"line":4,"column":13}},{"start":{"line":4,"column":17},"end":{"line":4,"column":41}}],"line":4},"2":{"loc":{"start":{"line":13,"column":4},"end":{"line":15,"column":5}},"type":"if","locations":[{"start":{"line":13,"column":4},"end":{"line":15,"column":5}},{"start":{},"end":{}}],"line":13},"3":{"loc":{"start":{"line":13,"column":8},"end":{"line":13,"column":59}},"type":"binary-expr","locations":[{"start":{"line":13,"column":8},"end":{"line":13,"column":22}},{"start":{"line":13,"column":26},"end":{"line":13,"column":59}}],"line":13}},"s":{"0":2,"1":0,"2":0,"3":0,"4":0,"5":2,"6":0,"7":0,"8":0,"9":0,"10":2},"f":{"0":0,"1":0},"b":{"0":[0,0],"1":[0,0],"2":[0,0],"3":[0,0]},"_coverageSchema":"1a1c01bbd47fc00a2c39e90264f33305004495a9","hash":"3d62c82c7981f6557ca73451ccab277e4bf546bf"}
,"/Users/jmoncayopursuit.org/Desktop/MVP/mvp-backend/validations/userValidations.js": {"path":"/Users/jmoncayopursuit.org/Desktop/MVP/mvp-backend/validations/userValidations.js","statementMap":{"0":{"start":{"line":2,"column":18},"end":{"line":11,"column":3}},"1":{"start":{"line":3,"column":21},"end":{"line":3,"column":29}},"2":{"start":{"line":4,"column":4},"end":{"line":9,"column":5}},"3":{"start":{"line":5,"column":24},"end":{"line":5,"column":48}},"4":{"start":{"line":6,"column":6},"end":{"line":8,"column":7}},"5":{"start":{"line":7,"column":8},"end":{"line":7,"column":88}},"6":{"start":{"line":10,"column":4},"end":{"line":10,"column":11}},"7":{"start":{"line":14,"column":22},"end":{"line":21,"column":3}},"8":{"start":{"line":15,"column":22},"end":{"line":15,"column":30}},"9":{"start":{"line":16,"column":23},"end":{"line":16,"column":51}},"10":{"start":{"line":17,"column":4},"end":{"line":19,"column":5}},"11":{"start":{"line":18,"column":6},"end":{"line":18,"column":82}},"12":{"start":{"line":20,"column":4},"end":{"line":20,"column":11}},"13":{"start":{"line":23,"column":2},"end":{"line":26,"column":4}}},"fnMap":{"0":{"name":"(anonymous_0)","decl":{"start":{"line":2,"column":18},"end":{"line":2,"column":19}},"loc":{"start":{"line":2,"column":38},"end":{"line":11,"column":3}},"line":2},"1":{"name":"(anonymous_1)","decl":{"start":{"line":14,"column":22},"end":{"line":14,"column":23}},"loc":{"start":{"line":14,"column":42},"end":{"line":21,"column":3}},"line":14}},"branchMap":{"0":{"loc":{"start":{"line":4,"column":4},"end":{"line":9,"column":5}},"type":"if","locations":[{"start":{"line":4,"column":4},"end":{"line":9,"column":5}},{"start":{},"end":{}}],"line":4},"1":{"loc":{"start":{"line":6,"column":6},"end":{"line":8,"column":7}},"type":"if","locations":[{"start":{"line":6,"column":6},"end":{"line":8,"column":7}},{"start":{},"end":{}}],"line":6},"2":{"loc":{"start":{"line":17,"column":4},"end":{"line":19,"column":5}},"type":"if","locations":[{"start":{"line":17,"column":4},"end":{"line":19,"column":5}},{"start":{},"end":{}}],"line":17},"3":{"loc":{"start":{"line":17,"column":8},"end":{"line":17,"column":41}},"type":"binary-expr","locations":[{"start":{"line":17,"column":8},"end":{"line":17,"column":14}},{"start":{"line":17,"column":18},"end":{"line":17,"column":41}}],"line":17}},"s":{"0":1,"1":0,"2":0,"3":0,"4":0,"5":0,"6":0,"7":1,"8":0,"9":0,"10":0,"11":0,"12":0,"13":1},"f":{"0":0,"1":0},"b":{"0":[0,0],"1":[0,0],"2":[0,0],"3":[0,0]},"_coverageSchema":"1a1c01bbd47fc00a2c39e90264f33305004495a9","hash":"c985c3e86cb1c665443feaec8abf6a35666fd841"}
}
