{"/Users/jmoncayopursuit.org/Desktop/MVP/mvp-backend/db/dbConfig.js": {"path":"/Users/jmoncayopursuit.org/Desktop/MVP/mvp-backend/db/dbConfig.js","statementMap":{"0":{"start":{"line":4,"column":12},"end":{"line":4,"column":35}},"1":{"start":{"line":5,"column":0},"end":{"line":5,"column":27}},"2":{"start":{"line":7,"column":64},"end":{"line":7,"column":75}},"3":{"start":{"line":8,"column":11},"end":{"line":14,"column":1}},"4":{"start":{"line":17,"column":11},"end":{"line":17,"column":18}},"5":{"start":{"line":20,"column":0},"end":{"line":20,"column":20}}},"fnMap":{},"branchMap":{},"s":{"0":1,"1":1,"2":1,"3":1,"4":1,"5":1},"f":{},"b":{},"_coverageSchema":"1a1c01bbd47fc00a2c39e90264f33305004495a9","hash":"3847b363ce34bbec9a344bfb098603944562e927"}
,"/Users/jmoncayopursuit.org/Desktop/MVP/mvp-backend/queries/messages.js": {"path":"/Users/jmoncayopursuit.org/Desktop/MVP/mvp-backend/queries/messages.js","statementMap":{"0":{"start":{"line":2,"column":11},"end":{"line":2,"column":39}},"1":{"start":{"line":5,"column":23},"end":{"line":15,"column":1}},"2":{"start":{"line":6,"column":2},"end":{"line":14,"column":3}},"3":{"start":{"line":7,"column":21},"end":{"line":10,"column":5}},"4":{"start":{"line":11,"column":4},"end":{"line":11,"column":20}},"5":{"start":{"line":13,"column":4},"end":{"line":13,"column":17}},"6":{"start":{"line":18,"column":22},"end":{"line":28,"column":1}},"7":{"start":{"line":19,"column":2},"end":{"line":27,"column":3}},"8":{"start":{"line":20,"column":20},"end":{"line":23,"column":5}},"9":{"start":{"line":24,"column":4},"end":{"line":24,"column":19}},"10":{"start":{"line":26,"column":4},"end":{"line":26,"column":17}},"11":{"start":{"line":31,"column":22},"end":{"line":46,"column":1}},"12":{"start":{"line":32,"column":2},"end":{"line":45,"column":3}},"13":{"start":{"line":33,"column":23},"end":{"line":41,"column":5}},"14":{"start":{"line":42,"column":4},"end":{"line":42,"column":22}},"15":{"start":{"line":44,"column":4},"end":{"line":44,"column":17}},"16":{"start":{"line":49,"column":22},"end":{"line":59,"column":1}},"17":{"start":{"line":50,"column":2},"end":{"line":58,"column":3}},"18":{"start":{"line":51,"column":27},"end":{"line":54,"column":5}},"19":{"start":{"line":55,"column":4},"end":{"line":55,"column":26}},"20":{"start":{"line":57,"column":4},"end":{"line":57,"column":17}},"21":{"start":{"line":62,"column":22},"end":{"line":72,"column":1}},"22":{"start":{"line":63,"column":2},"end":{"line":71,"column":3}},"23":{"start":{"line":64,"column":20},"end":{"line":67,"column":5}},"24":{"start":{"line":68,"column":4},"end":{"line":68,"column":19}},"25":{"start":{"line":70,"column":4},"end":{"line":70,"column":17}},"26":{"start":{"line":74,"column":0},"end":{"line":80,"column":2}}},"fnMap":{"0":{"name":"(anonymous_0)","decl":{"start":{"line":5,"column":23},"end":{"line":5,"column":24}},"loc":{"start":{"line":5,"column":48},"end":{"line":15,"column":1}},"line":5},"1":{"name":"(anonymous_1)","decl":{"start":{"line":18,"column":22},"end":{"line":18,"column":23}},"loc":{"start":{"line":18,"column":36},"end":{"line":28,"column":1}},"line":18},"2":{"name":"(anonymous_2)","decl":{"start":{"line":31,"column":22},"end":{"line":31,"column":23}},"loc":{"start":{"line":31,"column":41},"end":{"line":46,"column":1}},"line":31},"3":{"name":"(anonymous_3)","decl":{"start":{"line":49,"column":22},"end":{"line":49,"column":23}},"loc":{"start":{"line":49,"column":36},"end":{"line":59,"column":1}},"line":49},"4":{"name":"(anonymous_4)","decl":{"start":{"line":62,"column":22},"end":{"line":62,"column":23}},"loc":{"start":{"line":62,"column":52},"end":{"line":72,"column":1}},"line":62}},"branchMap":{},"s":{"0":1,"1":1,"2":2,"3":2,"4":1,"5":1,"6":1,"7":2,"8":2,"9":1,"10":1,"11":1,"12":2,"13":2,"14":1,"15":1,"16":1,"17":0,"18":0,"19":0,"20":0,"21":1,"22":2,"23":2,"24":1,"25":1,"26":1},"f":{"0":2,"1":2,"2":2,"3":0,"4":2},"b":{},"_coverageSchema":"1a1c01bbd47fc00a2c39e90264f33305004495a9","hash":"eaa5db902c3f2fa1754cb34dffb85402b6733dc9"}
}
