TN:
SF:app.js
FN:15,(anonymous_0)
FN:41,(anonymous_1)
FNF:2
FNH:0
FNDA:0,(anonymous_0)
FNDA:0,(anonymous_1)
DA:4,1
DA:5,1
DA:8,1
DA:11,1
DA:12,1
DA:15,1
DA:16,0
DA:20,1
DA:21,1
DA:41,1
DA:42,0
DA:47,1
LF:12
LH:10
BRF:0
BRH:0
end_of_record
TN:
SF:auth/auth.js
FN:5,(anonymous_0)
FN:10,(anonymous_1)
FNF:2
FNH:2
FNDA:3,(anonymous_0)
FNDA:2,(anonymous_1)
DA:1,2
DA:2,2
DA:3,2
DA:5,2
DA:6,3
DA:7,3
DA:8,1
DA:10,2
DA:11,2
DA:12,1
DA:13,1
DA:17,2
LF:12
LH:12
BRDA:7,0,0,1
BRDA:7,0,1,2
BRDA:11,1,0,1
BRDA:11,1,1,1
BRF:4
BRH:4
end_of_record
TN:
SF:controllers/assignmentsController.js
FN:28,(anonymous_0)
FN:40,(anonymous_1)
FN:55,(anonymous_2)
FN:75,(anonymous_3)
FN:86,(anonymous_4)
FN:104,(anonymous_5)
FNF:6
FNH:6
FNDA:2,(anonymous_0)
FNDA:1,(anonymous_1)
FNDA:2,(anonymous_2)
FNDA:1,(anonymous_3)
FNDA:1,(anonymous_4)
FNDA:2,(anonymous_5)
DA:4,4
DA:5,4
DA:9,4
DA:18,4
DA:25,4
DA:28,4
DA:29,2
DA:30,2
DA:31,2
DA:32,1
DA:34,1
DA:40,4
DA:41,1
DA:42,1
DA:43,1
DA:44,1
DA:45,1
DA:47,0
DA:50,0
DA:55,4
DA:57,2
DA:59,2
DA:60,2
DA:61,2
DA:63,2
DA:64,1
DA:66,1
DA:69,0
DA:75,4
DA:77,1
DA:78,1
DA:79,1
DA:81,0
DA:86,4
DA:87,1
DA:89,1
DA:90,1
DA:92,1
DA:93,1
DA:95,0
DA:98,0
DA:104,4
DA:105,2
DA:106,2
DA:107,2
DA:108,2
DA:109,1
DA:111,1
DA:114,0
DA:119,4
LF:50
LH:43
BRDA:44,0,0,1
BRDA:44,0,1,0
BRDA:63,1,0,1
BRDA:63,1,1,1
BRDA:92,2,0,1
BRDA:92,2,1,0
BRDA:108,3,0,1
BRDA:108,3,1,1
BRF:8
BRH:6
end_of_record
TN:
SF:controllers/connectionsController.js
FN:57,(anonymous_0)
FN:73,(anonymous_1)
FN:84,(anonymous_2)
FN:111,(anonymous_3)
FN:122,(anonymous_4)
FNF:5
FNH:5
FNDA:2,(anonymous_0)
FNDA:2,(anonymous_1)
FNDA:1,(anonymous_2)
FNDA:1,(anonymous_3)
FNDA:2,(anonymous_4)
DA:4,2
DA:5,2
DA:12,2
DA:16,2
DA:27,2
DA:34,2
DA:39,2
DA:42,2
DA:43,2
DA:46,2
DA:47,2
DA:50,2
DA:51,2
DA:57,2
DA:58,2
DA:59,2
DA:60,2
DA:61,2
DA:62,1
DA:64,1
DA:67,0
DA:73,2
DA:74,2
DA:75,2
DA:76,2
DA:77,1
DA:79,1
DA:84,2
DA:87,1
DA:88,1
DA:89,1
DA:90,1
DA:91,1
DA:92,1
DA:93,1
DA:94,1
DA:96,1
DA:97,1
DA:98,1
DA:99,1
DA:102,1
DA:104,0
DA:111,2
DA:112,1
DA:113,1
DA:114,1
DA:115,1
DA:117,0
DA:122,2
DA:123,2
DA:124,2
DA:125,2
DA:126,1
DA:133,1
DA:137,2
LF:55
LH:52
BRDA:61,0,0,1
BRDA:61,0,1,1
BRDA:76,1,0,1
BRDA:76,1,1,1
BRDA:90,2,0,1
BRDA:90,2,1,0
BRDA:125,3,0,1
BRDA:125,3,1,1
BRF:8
BRH:7
end_of_record
TN:
SF:controllers/messagesController.js
FN:23,(anonymous_0)
FN:43,(anonymous_1)
FN:56,(anonymous_2)
FN:72,(anonymous_3)
FN:88,(anonymous_4)
FNF:5
FNH:0
FNDA:0,(anonymous_0)
FNDA:0,(anonymous_1)
FNDA:0,(anonymous_2)
FNDA:0,(anonymous_3)
FNDA:0,(anonymous_4)
DA:4,2
DA:5,2
DA:12,2
DA:20,2
DA:23,2
DA:25,0
DA:27,0
DA:28,0
DA:29,0
DA:30,0
DA:32,0
DA:38,0
DA:43,2
DA:44,0
DA:45,0
DA:46,0
DA:47,0
DA:49,0
DA:56,2
DA:58,0
DA:60,0
DA:61,0
DA:63,0
DA:65,0
DA:67,0
DA:72,2
DA:73,0
DA:74,0
DA:75,0
DA:76,0
DA:83,0
DA:88,2
DA:89,0
DA:90,0
DA:91,0
DA:92,0
DA:93,0
DA:94,0
DA:96,0
DA:100,2
LF:40
LH:10
BRDA:29,0,0,0
BRDA:29,0,1,0
BRDA:46,1,0,0
BRDA:46,1,1,0
BRDA:75,2,0,0
BRDA:75,2,1,0
BRF:6
BRH:0
end_of_record
TN:
SF:controllers/metricsController.js
FN:22,(anonymous_0)
FN:33,(anonymous_1)
FN:44,(anonymous_2)
FN:55,(anonymous_3)
FN:61,(anonymous_4)
FN:72,(anonymous_5)
FNF:6
FNH:0
FNDA:0,(anonymous_0)
FNDA:0,(anonymous_1)
FNDA:0,(anonymous_2)
FNDA:0,(anonymous_3)
FNDA:0,(anonymous_4)
FNDA:0,(anonymous_5)
DA:4,2
DA:5,2
DA:13,2
DA:19,2
DA:22,2
DA:23,0
DA:24,0
DA:25,0
DA:26,0
DA:28,0
DA:33,2
DA:34,0
DA:35,0
DA:36,0
DA:37,0
DA:39,0
DA:44,2
DA:45,0
DA:46,0
DA:47,0
DA:48,0
DA:50,0
DA:55,2
DA:56,0
DA:57,0
DA:61,2
DA:62,0
DA:63,0
DA:64,0
DA:65,0
DA:67,0
DA:72,2
DA:73,0
DA:74,0
DA:75,0
DA:76,0
DA:78,0
DA:82,2
LF:38
LH:11
BRDA:25,0,0,0
BRDA:25,0,1,0
BRDA:36,1,0,0
BRDA:36,1,1,0
BRDA:47,2,0,0
BRDA:47,2,1,0
BRDA:64,3,0,0
BRDA:64,3,1,0
BRDA:75,4,0,0
BRDA:75,4,1,0
BRF:10
BRH:0
end_of_record
TN:
SF:controllers/usersController.js
FN:45,(anonymous_0)
FN:55,(anonymous_1)
FN:66,(anonymous_2)
FN:81,(anonymous_3)
FN:92,(anonymous_4)
FN:103,(anonymous_5)
FN:119,(anonymous_6)
FN:139,(anonymous_7)
FN:162,(anonymous_8)
FN:180,(anonymous_9)
FN:210,(anonymous_10)
FN:221,(anonymous_11)
FN:233,(anonymous_12)
FN:244,(anonymous_13)
FNF:14
FNH:0
FNDA:0,(anonymous_0)
FNDA:0,(anonymous_1)
FNDA:0,(anonymous_2)
FNDA:0,(anonymous_3)
FNDA:0,(anonymous_4)
FNDA:0,(anonymous_5)
FNDA:0,(anonymous_6)
FNDA:0,(anonymous_7)
FNDA:0,(anonymous_8)
FNDA:0,(anonymous_9)
FNDA:0,(anonymous_10)
FNDA:0,(anonymous_11)
FNDA:0,(anonymous_12)
FNDA:0,(anonymous_13)
DA:4,1
DA:5,1
DA:6,1
DA:7,1
DA:8,1
DA:22,1
DA:28,1
DA:33,1
DA:38,1
DA:41,1
DA:42,1
DA:45,1
DA:46,0
DA:47,0
DA:48,0
DA:50,0
DA:55,1
DA:56,0
DA:57,0
DA:58,0
DA:59,0
DA:61,0
DA:66,1
DA:67,0
DA:68,0
DA:69,0
DA:70,0
DA:71,0
DA:73,0
DA:76,0
DA:81,1
DA:82,0
DA:83,0
DA:84,0
DA:85,0
DA:87,0
DA:92,1
DA:93,0
DA:94,0
DA:95,0
DA:96,0
DA:98,0
DA:103,1
DA:104,0
DA:105,0
DA:106,0
DA:107,0
DA:108,0
DA:110,0
DA:113,0
DA:119,1
DA:120,0
DA:121,0
DA:122,0
DA:124,0
DA:126,0
DA:128,0
DA:130,0
DA:133,0
DA:134,0
DA:139,1
DA:140,0
DA:141,0
DA:142,0
DA:143,0
DA:144,0
DA:147,0
DA:149,0
DA:157,0
DA:162,1
DA:163,0
DA:165,0
DA:166,0
DA:169,0
DA:170,0
DA:171,0
DA:175,0
DA:180,1
DA:181,0
DA:182,0
DA:183,0
DA:185,0
DA:186,0
DA:187,0
DA:189,0
DA:196,0
DA:198,0
DA:207,1
DA:210,1
DA:211,0
DA:212,0
DA:213,0
DA:214,0
DA:216,0
DA:221,1
DA:222,0
DA:223,0
DA:224,0
DA:225,0
DA:226,0
DA:228,0
DA:233,1
DA:234,0
DA:235,0
DA:236,0
DA:237,0
DA:239,0
DA:244,1
DA:245,0
DA:247,0
DA:248,0
DA:249,0
DA:250,0
DA:252,0
DA:254,0
DA:255,0
DA:259,1
LF:117
LH:27
BRDA:47,0,0,0
BRDA:47,0,1,0
BRDA:58,1,0,0
BRDA:58,1,1,0
BRDA:70,2,0,0
BRDA:70,2,1,0
BRDA:84,3,0,0
BRDA:84,3,1,0
BRDA:95,4,0,0
BRDA:95,4,1,0
BRDA:107,5,0,0
BRDA:107,5,1,0
BRDA:124,6,0,0
BRDA:124,6,1,0
BRDA:142,7,0,0
BRDA:142,7,1,0
BRDA:165,8,0,0
BRDA:165,8,1,0
BRDA:170,9,0,0
BRDA:170,9,1,0
BRDA:182,10,0,0
BRDA:182,10,1,0
BRDA:213,11,0,0
BRDA:213,11,1,0
BRDA:249,12,0,0
BRDA:249,12,1,0
BRF:26
BRH:0
end_of_record
TN:
SF:db/dbConfig.js
FNF:0
FNH:0
DA:4,7
DA:5,7
DA:7,7
DA:8,7
DA:17,7
DA:20,7
LF:6
LH:6
BRF:0
BRH:0
end_of_record
TN:
SF:queries/assignments.js
FN:4,(anonymous_0)
FN:14,(anonymous_1)
FN:23,(anonymous_2)
FN:33,(anonymous_3)
FN:63,(anonymous_4)
FN:72,(anonymous_5)
FNF:6
FNH:6
FNDA:2,(anonymous_0)
FNDA:2,(anonymous_1)
FNDA:2,(anonymous_2)
FNDA:2,(anonymous_3)
FNDA:2,(anonymous_4)
FNDA:2,(anonymous_5)
DA:1,3
DA:2,3
DA:4,3
DA:5,2
DA:6,2
DA:7,1
DA:9,1
DA:14,3
DA:15,2
DA:16,2
DA:17,1
DA:19,1
DA:23,3
DA:24,2
DA:25,2
DA:26,1
DA:28,1
DA:33,3
DA:34,2
DA:35,2
DA:45,1
DA:47,1
DA:63,3
DA:64,2
DA:65,2
DA:66,1
DA:68,1
DA:72,3
DA:73,2
DA:74,2
DA:85,1
DA:87,1
DA:91,3
LF:33
LH:33
BRF:0
BRH:0
end_of_record
TN:
SF:queries/connections.js
FN:5,(anonymous_0)
FN:14,(anonymous_1)
FN:30,(anonymous_2)
FN:48,(anonymous_3)
FN:66,(anonymous_4)
FNF:5
FNH:5
FNDA:2,(anonymous_0)
FNDA:4,(anonymous_1)
FNDA:2,(anonymous_2)
FNDA:2,(anonymous_3)
FNDA:2,(anonymous_4)
DA:3,5
DA:5,5
DA:6,2
DA:7,2
DA:8,1
DA:10,1
DA:14,5
DA:15,4
DA:16,4
DA:23,3
DA:25,1
DA:30,5
DA:31,2
DA:32,2
DA:33,2
DA:42,1
DA:44,1
DA:48,5
DA:49,2
DA:50,2
DA:51,2
DA:60,1
DA:62,1
DA:66,5
DA:67,2
DA:68,2
DA:72,1
DA:74,1
DA:78,5
LF:29
LH:29
BRDA:32,0,0,2
BRDA:32,0,1,1
BRF:2
BRH:2
end_of_record
TN:
SF:queries/helperQueries.js
FN:7,(anonymous_0)
FNF:1
FNH:0
FNDA:0,(anonymous_0)
DA:3,1
DA:7,1
DA:8,0
DA:9,0
DA:10,0
DA:12,0
DA:16,1
LF:7
LH:3
BRF:0
BRH:0
end_of_record
TN:
SF:queries/messages.js
FN:5,(anonymous_0)
FN:18,(anonymous_1)
FN:31,(anonymous_2)
FN:49,(anonymous_3)
FN:62,(anonymous_4)
FNF:5
FNH:0
FNDA:0,(anonymous_0)
FNDA:0,(anonymous_1)
FNDA:0,(anonymous_2)
FNDA:0,(anonymous_3)
FNDA:0,(anonymous_4)
DA:2,2
DA:5,2
DA:6,0
DA:7,0
DA:11,0
DA:13,0
DA:18,2
DA:19,0
DA:20,0
DA:24,0
DA:26,0
DA:31,2
DA:32,0
DA:33,0
DA:42,0
DA:44,0
DA:49,2
DA:50,0
DA:51,0
DA:55,0
DA:57,0
DA:62,2
DA:63,0
DA:64,0
DA:68,0
DA:70,0
DA:74,2
LF:27
LH:7
BRF:0
BRH:0
end_of_record
TN:
SF:queries/metrics.js
FN:7,(anonymous_0)
FN:17,(anonymous_1)
FN:26,(anonymous_2)
FN:38,(anonymous_3)
FN:52,(anonymous_4)
FN:64,(anonymous_5)
FNF:6
FNH:0
FNDA:0,(anonymous_0)
FNDA:0,(anonymous_1)
FNDA:0,(anonymous_2)
FNDA:0,(anonymous_3)
FNDA:0,(anonymous_4)
FNDA:0,(anonymous_5)
DA:3,2
DA:7,2
DA:8,0
DA:9,0
DA:10,0
DA:12,0
DA:17,2
DA:18,0
DA:19,0
DA:20,0
DA:22,0
DA:26,2
DA:27,0
DA:28,0
DA:32,0
DA:34,0
DA:38,2
DA:39,0
DA:40,0
DA:41,0
DA:46,0
DA:48,0
DA:52,2
DA:53,0
DA:54,0
DA:58,0
DA:60,0
DA:64,2
DA:65,0
DA:66,0
DA:67,0
DA:71,0
DA:73,0
DA:77,2
LF:34
LH:8
BRF:0
BRH:0
end_of_record
TN:
SF:queries/skills.js
FN:5,(anonymous_0)
FN:14,(anonymous_1)
FNF:2
FNH:0
FNDA:0,(anonymous_0)
FNDA:0,(anonymous_1)
DA:3,1
DA:5,1
DA:6,0
DA:7,0
DA:8,0
DA:10,0
DA:14,1
DA:15,0
DA:16,0
DA:17,0
DA:19,0
DA:23,1
LF:12
LH:4
BRF:0
BRH:0
end_of_record
TN:
SF:queries/userLinks.js
FN:6,(anonymous_0)
FN:16,(anonymous_1)
FN:29,(anonymous_2)
FNF:3
FNH:0
FNDA:0,(anonymous_0)
FNDA:0,(anonymous_1)
FNDA:0,(anonymous_2)
DA:3,1
DA:6,1
DA:7,0
DA:8,0
DA:9,0
DA:11,0
DA:16,1
DA:17,0
DA:18,0
DA:22,0
DA:24,0
DA:29,1
DA:30,0
DA:31,0
DA:35,0
DA:37,0
DA:41,1
LF:17
LH:5
BRF:0
BRH:0
end_of_record
TN:
SF:queries/users.js
FN:8,(anonymous_0)
FN:19,(anonymous_1)
FN:29,(anonymous_2)
FN:39,(anonymous_3)
FN:72,(anonymous_4)
FN:84,(anonymous_5)
FN:106,(anonymous_6)
FN:125,(anonymous_7)
FN:134,(anonymous_8)
FN:155,(anonymous_9)
FN:164,(anonymous_10)
FN:167,(anonymous_11)
FNF:12
FNH:0
FNDA:0,(anonymous_0)
FNDA:0,(anonymous_1)
FNDA:0,(anonymous_2)
FNDA:0,(anonymous_3)
FNDA:0,(anonymous_4)
FNDA:0,(anonymous_5)
FNDA:0,(anonymous_6)
FNDA:0,(anonymous_7)
FNDA:0,(anonymous_8)
FNDA:0,(anonymous_9)
FNDA:0,(anonymous_10)
FNDA:0,(anonymous_11)
DA:3,1
DA:4,1
DA:6,1
DA:8,1
DA:9,0
DA:10,0
DA:11,0
DA:13,0
DA:19,1
DA:20,0
DA:21,0
DA:22,0
DA:24,0
DA:29,1
DA:30,0
DA:31,0
DA:32,0
DA:34,0
DA:39,1
DA:40,0
DA:41,0
DA:42,0
DA:43,0
DA:46,0
DA:47,0
DA:48,0
DA:49,0
DA:63,0
DA:64,0
DA:66,0
DA:68,0
DA:72,1
DA:73,0
DA:74,0
DA:78,0
DA:80,0
DA:84,1
DA:85,0
DA:86,0
DA:100,0
DA:102,0
DA:106,1
DA:107,0
DA:108,0
DA:110,0
DA:111,0
DA:114,0
DA:116,0
DA:117,0
DA:119,0
DA:121,0
DA:125,1
DA:126,0
DA:127,0
DA:128,0
DA:130,0
DA:134,1
DA:135,0
DA:145,0
DA:146,0
DA:147,0
DA:148,0
DA:150,0
DA:155,1
DA:156,0
DA:157,0
DA:158,0
DA:160,0
DA:164,1
DA:165,0
DA:166,0
DA:167,0
DA:168,0
DA:170,0
DA:174,1
LF:75
LH:15
BRDA:42,0,0,0
BRDA:42,0,1,0
BRDA:63,1,0,0
BRDA:63,1,1,0
BRDA:110,2,0,0
BRDA:110,2,1,0
BRDA:116,3,0,0
BRDA:116,3,1,0
BRF:8
BRH:0
end_of_record
TN:
SF:validations/assignmentValidations.js
FN:2,(anonymous_0)
FN:11,(anonymous_1)
FN:20,(anonymous_2)
FNF:3
FNH:3
FNDA:3,(anonymous_0)
FNDA:3,(anonymous_1)
FNDA:3,(anonymous_2)
DA:2,4
DA:3,3
DA:4,3
DA:5,0
DA:7,3
DA:11,4
DA:12,3
DA:13,3
DA:14,0
DA:16,3
DA:20,4
DA:21,3
DA:22,3
DA:23,0
DA:25,3
DA:28,4
LF:16
LH:13
BRDA:4,0,0,0
BRDA:4,0,1,3
BRDA:4,1,0,3
BRDA:4,1,1,3
BRDA:4,1,2,3
BRDA:13,2,0,0
BRDA:13,2,1,3
BRDA:13,3,0,3
BRDA:13,3,1,3
BRDA:22,4,0,0
BRDA:22,4,1,3
BRDA:22,5,0,3
BRDA:22,5,1,3
BRF:13
BRH:10
end_of_record
TN:
SF:validations/connectionValidations.js
FN:2,(anonymous_0)
FN:11,(anonymous_1)
FN:20,(anonymous_2)
FNF:3
FNH:3
FNDA:4,(anonymous_0)
FNDA:2,(anonymous_1)
FNDA:2,(anonymous_2)
DA:2,2
DA:3,4
DA:4,4
DA:5,2
DA:7,2
DA:11,2
DA:12,2
DA:13,2
DA:14,0
DA:16,2
DA:20,2
DA:21,2
DA:22,2
DA:23,0
DA:25,2
DA:28,2
LF:16
LH:14
BRDA:4,0,0,2
BRDA:4,0,1,2
BRDA:4,1,0,4
BRDA:4,1,1,2
BRDA:13,2,0,0
BRDA:13,2,1,2
BRDA:13,3,0,2
BRDA:13,3,1,2
BRDA:22,4,0,0
BRDA:22,4,1,2
BRDA:22,5,0,2
BRDA:22,5,1,2
BRF:12
BRH:10
end_of_record
TN:
SF:validations/messagesValidations.js
FN:2,(anonymous_0)
FN:11,(anonymous_1)
FN:20,(anonymous_2)
FN:29,(anonymous_3)
FNF:4
FNH:0
FNDA:0,(anonymous_0)
FNDA:0,(anonymous_1)
FNDA:0,(anonymous_2)
FNDA:0,(anonymous_3)
DA:2,2
DA:3,0
DA:4,0
DA:5,0
DA:7,0
DA:11,2
DA:12,0
DA:13,0
DA:14,0
DA:16,0
DA:20,2
DA:21,0
DA:22,0
DA:23,0
DA:25,0
DA:29,2
DA:30,0
DA:31,0
DA:32,0
DA:34,0
DA:37,2
LF:21
LH:5
BRDA:4,0,0,0
BRDA:4,0,1,0
BRDA:4,1,0,0
BRDA:4,1,1,0
BRDA:13,2,0,0
BRDA:13,2,1,0
BRDA:13,3,0,0
BRDA:13,3,1,0
BRDA:22,4,0,0
BRDA:22,4,1,0
BRDA:22,5,0,0
BRDA:22,5,1,0
BRDA:31,6,0,0
BRDA:31,6,1,0
BRDA:31,7,0,0
BRDA:31,7,1,0
BRF:16
BRH:0
end_of_record
TN:
SF:validations/metricValidations.js
FN:2,(anonymous_0)
FN:11,(anonymous_1)
FNF:2
FNH:0
FNDA:0,(anonymous_0)
FNDA:0,(anonymous_1)
DA:2,2
DA:3,0
DA:4,0
DA:5,0
DA:7,0
DA:11,2
DA:12,0
DA:13,0
DA:14,0
DA:16,0
DA:19,2
LF:11
LH:3
BRDA:4,0,0,0
BRDA:4,0,1,0
BRDA:4,1,0,0
BRDA:4,1,1,0
BRDA:13,2,0,0
BRDA:13,2,1,0
BRDA:13,3,0,0
BRDA:13,3,1,0
BRF:8
BRH:0
end_of_record
TN:
SF:validations/userValidations.js
FN:2,(anonymous_0)
FN:14,(anonymous_1)
FNF:2
FNH:0
FNDA:0,(anonymous_0)
FNDA:0,(anonymous_1)
DA:2,1
DA:3,0
DA:4,0
DA:5,0
DA:6,0
DA:7,0
DA:10,0
DA:14,1
DA:15,0
DA:16,0
DA:17,0
DA:18,0
DA:20,0
DA:23,1
LF:14
LH:3
BRDA:4,0,0,0
BRDA:4,0,1,0
BRDA:6,1,0,0
BRDA:6,1,1,0
BRDA:17,2,0,0
BRDA:17,2,1,0
BRDA:17,3,0,0
BRDA:17,3,1,0
BRF:8
BRH:0
end_of_record
