TN:
SF:db/dbConfig.js
FNF:0
FNH:0
DA:4,1
DA:5,1
DA:7,1
DA:8,1
DA:17,1
DA:20,1
LF:6
LH:6
BRF:0
BRH:0
end_of_record
TN:
SF:queries/messages.js
FN:5,(anonymous_0)
FN:18,(anonymous_1)
FN:31,(anonymous_2)
FN:49,(anonymous_3)
FN:62,(anonymous_4)
FNF:5
FNH:4
FNDA:2,(anonymous_0)
FNDA:2,(anonymous_1)
FNDA:2,(anonymous_2)
FNDA:0,(anonymous_3)
FNDA:2,(anonymous_4)
DA:2,1
DA:5,1
DA:6,2
DA:7,2
DA:11,1
DA:13,1
DA:18,1
DA:19,2
DA:20,2
DA:24,1
DA:26,1
DA:31,1
DA:32,2
DA:33,2
DA:42,1
DA:44,1
DA:49,1
DA:50,0
DA:51,0
DA:55,0
DA:57,0
DA:62,1
DA:63,2
DA:64,2
DA:68,1
DA:70,1
DA:74,1
LF:27
LH:23
BRF:0
BRH:0
end_of_record
